\BOOKMARK [0][-]{section*.1}{\376\377\000S\000u\000p\000e\000r\000v\000i\000s\000i\000n\000g\000\040\000C\000o\000m\000m\000i\000t\000t\000e\000e}{}% 1
\BOOKMARK [0][-]{section*.6}{\376\377\000A\000b\000s\000t\000r\000a\000c\000t}{}% 2
\BOOKMARK [0][-]{chapter.7}{\376\377\000I\000n\000t\000r\000o\000d\000u\000c\000t\000i\000o\000n}{}% 3
\BOOKMARK [0][-]{chapter.9}{\376\377\000P\000r\000o\000b\000l\000e\000m\000\040\000D\000e\000f\000i\000n\000i\000t\000i\000o\000n\000\040\000a\000n\000d\000\040\000M\000o\000t\000i\000v\000a\000t\000i\000o\000n}{}% 4
\BOOKMARK [0][-]{chapter.10}{\376\377\000H\000y\000p\000o\000t\000h\000e\000s\000i\000s\000\040\000a\000n\000d\000\040\000R\000e\000s\000e\000a\000r\000c\000h\000\040\000Q\000u\000e\000s\000t\000i\000o\000n\000s}{}% 5
\BOOKMARK [1][-]{section.11}{\376\377\000R\000e\000s\000e\000a\000r\000c\000h\000\040\000H\000y\000p\000o\000t\000h\000e\000s\000i\000s}{chapter.10}% 6
\BOOKMARK [1][-]{section.12}{\376\377\000R\000e\000s\000e\000a\000r\000c\000h\000\040\000Q\000u\000e\000s\000t\000i\000o\000n\000s}{chapter.10}% 7
\BOOKMARK [0][-]{chapter.13}{\376\377\000O\000b\000j\000e\000c\000t\000i\000v\000e\000s}{}% 8
\BOOKMARK [1][-]{section.14}{\376\377\000G\000e\000n\000e\000r\000a\000l\000\040\000o\000b\000j\000e\000c\000t\000i\000v\000e}{chapter.13}% 9
\BOOKMARK [1][-]{section.15}{\376\377\000P\000a\000r\000t\000i\000c\000u\000l\000a\000r\000\040\000o\000b\000j\000e\000c\000t\000i\000v\000e\000s}{chapter.13}% 10
\BOOKMARK [0][-]{chapter.16}{\376\377\000R\000e\000l\000a\000t\000e\000d\000\040\000W\000o\000r\000k}{}% 11
\BOOKMARK [1][-]{section.17}{\376\377\000R\000o\000l\000e\000\040\000o\000f\000\040\000r\000h\000e\000o\000l\000o\000g\000i\000c\000a\000l\000\040\000p\000r\000o\000p\000e\000r\000t\000i\000e\000s\000\040\000i\000n\000\040\000n\000e\000a\000r\000\040\000f\000i\000e\000l\000d\000\040\000e\000l\000e\000c\000t\000r\000o\000s\000p\000u\000n\000\040\000f\000i\000b\000e\000r\000s\000\040\000m\000o\000r\000p\000h\000o\000l\000o\000g\000y\000\040\000F\000l\000o\000r\000e\000s\0002\0000\0001\0007}{chapter.16}% 12
\BOOKMARK [2][-]{subsection.19}{\376\377\000R\000h\000e\000o\000l\000o\000g\000i\000c\000a\000l\000\040\000C\000h\000a\000r\000a\000c\000t\000e\000r\000i\000z\000a\000t\000i\000o\000n\000\040\000:\000\040\000A\000m\000p\000l\000i\000t\000u\000d\000e\000\040\000S\000w\000e\000e\000p}{section.17}% 13
\BOOKMARK [2][-]{subsection.23}{\376\377\000R\000h\000e\000o\000l\000o\000g\000i\000c\000a\000l\000\040\000C\000h\000a\000r\000a\000c\000t\000e\000r\000i\000z\000a\000t\000i\000o\000n\000\040\000:\000\040\000F\000l\000o\000w\000\040\000C\000u\000r\000v\000e}{section.17}% 14
\BOOKMARK [2][-]{subsection.27}{\376\377\000R\000h\000e\000o\000l\000o\000g\000i\000c\000a\000l\000\040\000C\000h\000a\000r\000a\000c\000t\000e\000r\000i\000z\000a\000t\000i\000o\000n\000\040\000:\000\040\000F\000r\000e\000q\000u\000e\000n\000c\000y\000\040\000S\000w\000e\000e\000p}{section.17}% 15
\BOOKMARK [1][-]{section.31}{\376\377\000A\000d\000v\000a\000n\000c\000e\000d\000\040\000M\000a\000n\000u\000f\000a\000c\000t\000u\000r\000i\000n\000g\000\040\000T\000e\000c\000h\000n\000i\000q\000u\000e\000s\000\040\000f\000o\000r\000\040\000t\000h\000e\000\040\000F\000a\000b\000r\000i\000c\000a\000t\000i\000o\000n\000\040\000a\000n\000d\000\040\000S\000u\000r\000f\000a\000c\000e\000\040\000M\000o\000d\000i\000f\000i\000c\000a\000t\000i\000o\000n\000\040\000o\000f\000\040\000C\000a\000r\000b\000o\000n\000\040\000N\000a\000n\000o\000w\000i\000r\000e\000s\000\040\000C\000a\000r\000d\000e\000n\000a\000s\0002\0000\0001\0007}{chapter.16}% 16
\BOOKMARK [2][-]{subsection.39}{\376\377\000M\000e\000t\000h\000o\000d\000\040\0001\000\040\000:\000\040}{section.31}% 17
\BOOKMARK [3][-]{section*.40}{\376\377\000P\000o\000l\000y\000m\000e\000r\000\040\000S\000o\000l\000u\000t\000i\000o\000n}{subsection.39}% 18
\BOOKMARK [3][-]{section*.41}{\376\377\000D\000e\000p\000o\000s\000i\000t\000i\000o\000n}{subsection.39}% 19
\BOOKMARK [2][-]{subsection.42}{\376\377\000M\000e\000t\000h\000o\000d\000\040\0002\000\040\000:\000\040}{section.31}% 20
\BOOKMARK [3][-]{section*.43}{\376\377\000P\000o\000l\000y\000m\000e\000r\000\040\000S\000o\000l\000u\000t\000i\000o\000n}{subsection.42}% 21
\BOOKMARK [3][-]{section*.44}{\376\377\000D\000e\000p\000o\000s\000i\000t\000i\000o\000n}{subsection.42}% 22
\BOOKMARK [2][-]{subsection.45}{\376\377\000R\000e\000s\000u\000l\000t\000s\000\040\000a\000n\000d\000\040\000D\000i\000s\000c\000u\000s\000s\000i\000o\000n}{section.31}% 23
\BOOKMARK [0][-]{chapter.46}{\376\377\000T\000h\000e\000o\000r\000e\000t\000i\000c\000a\000l\000\040\000F\000r\000a\000m\000e\000w\000o\000r\000k}{}% 24
\BOOKMARK [1][-]{section.47}{\376\377\000P\000h\000o\000t\000o\000r\000e\000s\000i\000s\000t\000s}{chapter.46}% 25
\BOOKMARK [1][-]{section.48}{\376\377\000E\000l\000e\000c\000t\000r\000o\000-\000M\000e\000c\000h\000a\000n\000i\000c\000a\000l\000\040\000S\000p\000i\000n\000n\000i\000n\000g}{chapter.46}% 26
\BOOKMARK [1][-]{section.51}{\376\377\000P\000y\000r\000o\000l\000y\000s\000i\000s}{chapter.46}% 27
\BOOKMARK [1][-]{section.53}{\376\377\000C\000a\000r\000b\000o\000n\000\040\000n\000a\000n\000o\000-\000w\000i\000r\000e}{chapter.46}% 28
\BOOKMARK [1][-]{section.54}{\376\377\000P\000o\000l\000y\000m\000e\000r\000\040\000S\000o\000l\000u\000t\000i\000o\000n\000s}{chapter.46}% 29
\BOOKMARK [1][-]{section.57}{\376\377\000R\000h\000e\000o\000m\000e\000t\000r\000y}{chapter.46}% 30
\BOOKMARK [2][-]{subsection.58}{\376\377\000A\000m\000p\000l\000i\000t\000u\000d\000e\000\040\000S\000w\000e\000e\000p}{section.57}% 31
\BOOKMARK [2][-]{subsection.60}{\376\377\000F\000r\000e\000q\000u\000e\000n\000c\000y\000\040\000S\000w\000e\000e\000p}{section.57}% 32
\BOOKMARK [2][-]{subsection.62}{\376\377\000F\000l\000o\000w\000\040\000C\000u\000r\000v\000e}{section.57}% 33
\BOOKMARK [1][-]{section.64}{\376\377\000P\000r\000e\000l\000i\000m\000i\000n\000a\000r\000y\000\040\000E\000x\000p\000e\000r\000i\000m\000e\000n\000t\000s}{chapter.46}% 34
\BOOKMARK [0][-]{chapter.65}{\376\377\000M\000e\000t\000h\000o\000d\000o\000l\000o\000g\000y}{}% 35
\BOOKMARK [1][-]{section.66}{\376\377\000W\000o\000r\000k\000\040\000p\000a\000c\000k\000a\000g\000e\000\040\0001\000\040\000:\000\040\000P\000r\000e\000l\000i\000m\000i\000n\000a\000r\000y\000\040\000L\000i\000t\000e\000r\000a\000t\000u\000r\000e\000\040\000R\000e\000v\000i\000e\000w}{chapter.65}% 36
\BOOKMARK [1][-]{section.67}{\376\377\000W\000o\000r\000k\000\040\000p\000a\000c\000k\000a\000g\000e\000\040\0002\000\040\000:\000\040\000E\000v\000a\000l\000u\000a\000t\000i\000o\000n\000\040\000o\000f\000\040\000F\000a\000b\000r\000i\000c\000a\000t\000i\000o\000n\000\040\000P\000a\000r\000a\000m\000e\000t\000e\000r\000s}{chapter.65}% 37
\BOOKMARK [1][-]{section.68}{\376\377\000W\000o\000r\000k\000\040\000p\000a\000c\000k\000a\000g\000e\000\040\0003\000\040\000:\000\040\000P\000o\000l\000y\000m\000e\000r\000\040\000S\000o\000l\000u\000t\000i\000o\000n\000\040\000D\000e\000s\000i\000g\000n}{chapter.65}% 38
\BOOKMARK [1][-]{section.69}{\376\377\000W\000o\000r\000k\000\040\000p\000a\000c\000k\000a\000g\000e\000\040\0004\000\040\000:\000\040\000F\000a\000b\000r\000i\000c\000a\000t\000i\000o\000n\000\040\000o\000f\000\040\000C\000a\000r\000b\000o\000n\000\040\000N\000a\000n\000o\000-\000w\000i\000r\000e\000s}{chapter.65}% 39
\BOOKMARK [1][-]{section.70}{\376\377\000W\000o\000r\000k\000\040\000p\000a\000c\000k\000a\000g\000e\000\040\0005\000\040\000:\000\040\000D\000a\000t\000a\000\040\000C\000o\000l\000l\000e\000c\000t\000i\000o\000n\000\040\000a\000n\000d\000\040\000A\000n\000a\000l\000y\000s\000i\000s\000\040\000o\000f\000\040\000R\000e\000s\000u\000l\000t\000s}{chapter.65}% 40
\BOOKMARK [1][-]{section.71}{\376\377\000W\000o\000r\000k\000\040\000p\000a\000c\000k\000a\000g\000e\000\040\0006\000\040\000:\000\040\000D\000o\000c\000u\000m\000e\000n\000t\000a\000t\000i\000o\000n}{chapter.65}% 41
\BOOKMARK [0][-]{chapter.72}{\376\377\000W\000o\000r\000k\000\040\000P\000l\000a\000n}{}% 42
