This is pdfTeX, Version 3.14159265-2.6-1.40.20 (MiKTeX 2.9.6960 64-bit) (preloaded format=pdflatex 2019.2.1)  1 SEP 2020 07:13
entering extended mode
**./AntonioOsamuKatagiriTanaka.tex
(AntonioOsamuKatagiriTanaka.tex
LaTeX2e <2018-12-01>
("C:\Users\oskat\AppData\Local\Programs\MiKTeX 2.9\tex/latex/base\article.cls"
Document Class: article 2018/09/03 v1.4i Standard LaTeX document class
("C:\Users\oskat\AppData\Local\Programs\MiKTeX 2.9\tex/latex/base\size11.clo"
File: size11.clo 2018/09/03 v1.4i Standard LaTeX file (size option)
)
\c@part=\count80
\c@section=\count81
\c@subsection=\count82
\c@subsubsection=\count83
\c@paragraph=\count84
\c@subparagraph=\count85
\c@figure=\count86
\c@table=\count87
\abovecaptionskip=\skip41
\belowcaptionskip=\skip42
\bibindent=\dimen102
)
("C:\Users\oskat\AppData\Local\Programs\MiKTeX 2.9\tex/latex/pdfpages\pdfpages.
sty"
Package: pdfpages 2017/10/31 v0.5l Insert pages of external PDF documents (AM)

("C:\Users\oskat\AppData\Local\Programs\MiKTeX 2.9\tex/latex/base\ifthen.sty"
Package: ifthen 2014/09/29 v1.1c Standard LaTeX ifthen package (DPC)
)
("C:\Users\oskat\AppData\Local\Programs\MiKTeX 2.9\tex/latex/tools\calc.sty"
Package: calc 2017/05/25 v4.3 Infix arithmetic (KKT,FJ)
\calc@Acount=\count88
\calc@Bcount=\count89
\calc@Adimen=\dimen103
\calc@Bdimen=\dimen104
\calc@Askip=\skip43
\calc@Bskip=\skip44
LaTeX Info: Redefining \setlength on input line 80.
LaTeX Info: Redefining \addtolength on input line 81.
\calc@Ccount=\count90
\calc@Cskip=\skip45
)
("C:\Users\oskat\AppData\Local\Programs\MiKTeX 2.9\tex/latex/eso-pic\eso-pic.st
y"
Package: eso-pic 2018/04/12 v2.0h eso-pic (RN)

("C:\Users\oskat\AppData\Local\Programs\MiKTeX 2.9\tex/generic/oberdiek\atbegsh
i.sty"
Package: atbegshi 2016/06/09 v1.18 At begin shipout hook (HO)

("C:\Users\oskat\AppData\Local\Programs\MiKTeX 2.9\tex/generic/oberdiek\infware
rr.sty"
Package: infwarerr 2016/05/16 v1.4 Providing info/warning/error messages (HO)
)
("C:\Users\oskat\AppData\Local\Programs\MiKTeX 2.9\tex/generic/oberdiek\ltxcmds
.sty"
Package: ltxcmds 2016/05/16 v1.23 LaTeX kernel commands for general use (HO)
)
("C:\Users\oskat\AppData\Local\Programs\MiKTeX 2.9\tex/generic/oberdiek\ifpdf.s
ty"
Package: ifpdf 2018/09/07 v3.3 Provides the ifpdf switch
))
("C:\Users\oskat\AppData\Local\Programs\MiKTeX 2.9\tex/latex/graphics\keyval.st
y"
Package: keyval 2014/10/28 v1.15 key=value parser (DPC)
\KV@toks@=\toks14
)
("C:\Users\oskat\AppData\Local\Programs\MiKTeX 2.9\tex/latex/xcolor\xcolor.sty"
Package: xcolor 2016/05/11 v2.12 LaTeX color extensions (UK)

("C:\Users\oskat\AppData\Local\Programs\MiKTeX 2.9\tex/latex/graphics-cfg\color
.cfg"
File: color.cfg 2016/01/02 v1.6 sample color configuration
)
Package xcolor Info: Driver file: pdftex.def on input line 225.

("C:\Users\oskat\AppData\Local\Programs\MiKTeX 2.9\tex/latex/graphics-def\pdfte
x.def"
File: pdftex.def 2018/01/08 v1.0l Graphics/color driver for pdftex
)
Package xcolor Info: Model `cmy' substituted by `cmy0' on input line 1348.
Package xcolor Info: Model `hsb' substituted by `rgb' on input line 1352.
Package xcolor Info: Model `RGB' extended on input line 1364.
Package xcolor Info: Model `HTML' substituted by `rgb' on input line 1366.
Package xcolor Info: Model `Hsb' substituted by `hsb' on input line 1367.
Package xcolor Info: Model `tHsb' substituted by `hsb' on input line 1368.
Package xcolor Info: Model `HSB' substituted by `hsb' on input line 1369.
Package xcolor Info: Model `Gray' substituted by `gray' on input line 1370.
Package xcolor Info: Model `wave' substituted by `hsb' on input line 1371.
))
("C:\Users\oskat\AppData\Local\Programs\MiKTeX 2.9\tex/latex/graphics\graphicx.
sty"
Package: graphicx 2017/06/01 v1.1a Enhanced LaTeX Graphics (DPC,SPQR)

("C:\Users\oskat\AppData\Local\Programs\MiKTeX 2.9\tex/latex/graphics\graphics.
sty"
Package: graphics 2017/06/25 v1.2c Standard LaTeX Graphics (DPC,SPQR)

("C:\Users\oskat\AppData\Local\Programs\MiKTeX 2.9\tex/latex/graphics\trig.sty"
Package: trig 2016/01/03 v1.10 sin cos tan (DPC)
)
("C:\Users\oskat\AppData\Local\Programs\MiKTeX 2.9\tex/latex/graphics-cfg\graph
ics.cfg"
File: graphics.cfg 2016/06/04 v1.11 sample graphics configuration
)
Package graphics Info: Driver file: pdftex.def on input line 99.
)
\Gin@req@height=\dimen105
\Gin@req@width=\dimen106
)
\AM@pagewidth=\dimen107
\AM@pageheight=\dimen108

("C:\Users\oskat\AppData\Local\Programs\MiKTeX 2.9\tex/latex/pdfpages\pppdftex.
def"
File: pppdftex.def 2017/10/31 v0.5l Pdfpages driver for pdfTeX (AM)
)
\AM@pagebox=\box27
\AM@global@opts=\toks15
\AM@toc@title=\toks16
\c@AM@survey=\count91
\AM@templatesizebox=\box28
)
("C:\Users\oskat\AppData\Local\Programs\MiKTeX 2.9\tex/latex/biblatex\biblatex.
sty"
Package: biblatex 2018/11/02 v3.12 programmable bibliographies (PK/MW)

("C:\Users\oskat\AppData\Local\Programs\MiKTeX 2.9\tex/generic/oberdiek\pdftexc
mds.sty"
Package: pdftexcmds 2018/09/10 v0.29 Utility functions of pdfTeX for LuaTeX (HO
)

("C:\Users\oskat\AppData\Local\Programs\MiKTeX 2.9\tex/generic/oberdiek\ifluate
x.sty"
Package: ifluatex 2016/05/16 v1.4 Provides the ifluatex switch (HO)
Package ifluatex Info: LuaTeX not detected.
)
Package pdftexcmds Info: LuaTeX not detected.
Package pdftexcmds Info: \pdf@primitive is available.
Package pdftexcmds Info: \pdf@ifprimitive is available.
Package pdftexcmds Info: \pdfdraftmode found.
)
("C:\Users\oskat\AppData\Local\Programs\MiKTeX 2.9\tex/latex/etoolbox\etoolbox.
sty"
Package: etoolbox 2018/08/19 v2.5f e-TeX tools for LaTeX (JAW)
\etb@tempcnta=\count92
)
("C:\Users\oskat\AppData\Local\Programs\MiKTeX 2.9\tex/latex/oberdiek\kvoptions
.sty"
Package: kvoptions 2016/05/16 v3.12 Key value format for package options (HO)

("C:\Users\oskat\AppData\Local\Programs\MiKTeX 2.9\tex/generic/oberdiek\kvsetke
ys.sty"
Package: kvsetkeys 2016/05/16 v1.17 Key value parser (HO)

("C:\Users\oskat\AppData\Local\Programs\MiKTeX 2.9\tex/generic/oberdiek\etexcmd
s.sty"
Package: etexcmds 2016/05/16 v1.6 Avoid name clashes with e-TeX commands (HO)
)))
("C:\Users\oskat\AppData\Local\Programs\MiKTeX 2.9\tex/latex/logreq\logreq.sty"
Package: logreq 2010/08/04 v1.0 xml request logger
\lrq@indent=\count93
("C:\Users\oskat\AppData\Local\Programs\MiKTeX 2.9\tex/latex/logreq\logreq.def"
File: logreq.def 2010/08/04 v1.0 logreq spec v1.0
)) ("C:\Users\oskat\AppData\Local\Programs\MiKTeX 2.9\tex/latex/url\url.sty"
\Urlmuskip=\muskip10
Package: url 2013/09/16  ver 3.4  Verb mode for urls, etc.
)
\c@tabx@nest=\count94
\c@listtotal=\count95
\c@listcount=\count96
\c@liststart=\count97
\c@liststop=\count98
\c@citecount=\count99
\c@citetotal=\count100
\c@multicitecount=\count101
\c@multicitetotal=\count102
\c@instcount=\count103
\c@maxnames=\count104
\c@minnames=\count105
\c@maxitems=\count106
\c@minitems=\count107
\c@citecounter=\count108
\c@maxcitecounter=\count109
\c@savedcitecounter=\count110
\c@uniquelist=\count111
\c@uniquename=\count112
\c@refsection=\count113
\c@refsegment=\count114
\c@maxextratitle=\count115
\c@maxextratitleyear=\count116
\c@maxextraname=\count117
\c@maxextradate=\count118
\c@maxextraalpha=\count119
\c@abbrvpenalty=\count120
\c@highnamepenalty=\count121
\c@lownamepenalty=\count122
\c@maxparens=\count123
\c@parenlevel=\count124
\blx@tempcnta=\count125
\blx@tempcntb=\count126
\blx@tempcntc=\count127
\blx@maxsection=\count128
\blx@maxsegment@0=\count129
\blx@notetype=\count130
\blx@parenlevel@text=\count131
\blx@parenlevel@foot=\count132
\blx@sectionciteorder@0=\count133
\blx@entrysetcounter=\count134
\labelnumberwidth=\skip46
\labelalphawidth=\skip47
\biblabelsep=\skip48
\bibitemsep=\skip49
\bibnamesep=\skip50
\bibinitsep=\skip51
\bibparsep=\skip52
\bibhang=\skip53
\blx@bcfin=\read1
\blx@bcfout=\write3
\c@mincomprange=\count135
\c@maxcomprange=\count136
\c@mincompwidth=\count137
Package biblatex Info: Trying to load biblatex default data model...
Package biblatex Info: ... file 'blx-dm.def' found.

("C:\Users\oskat\AppData\Local\Programs\MiKTeX 2.9\tex/latex/biblatex\blx-dm.de
f"
File: blx-dm.def 2018/11/02 v3.12 biblatex localization (PK/MW)
)
Package biblatex Info: Trying to load biblatex custom data model...
Package biblatex Info: ... file 'biblatex-dm.cfg' not found.
\c@afterword=\count138
\c@savedafterword=\count139
\c@annotator=\count140
\c@savedannotator=\count141
\c@author=\count142
\c@savedauthor=\count143
\c@bookauthor=\count144
\c@savedbookauthor=\count145
\c@commentator=\count146
\c@savedcommentator=\count147
\c@editor=\count148
\c@savededitor=\count149
\c@editora=\count150
\c@savededitora=\count151
\c@editorb=\count152
\c@savededitorb=\count153
\c@editorc=\count154
\c@savededitorc=\count155
\c@foreword=\count156
\c@savedforeword=\count157
\c@holder=\count158
\c@savedholder=\count159
\c@introduction=\count160
\c@savedintroduction=\count161
\c@namea=\count162
\c@savednamea=\count163
\c@nameb=\count164
\c@savednameb=\count165
\c@namec=\count166
\c@savednamec=\count167
\c@translator=\count168
\c@savedtranslator=\count169
\c@shortauthor=\count170
\c@savedshortauthor=\count171
\c@shorteditor=\count172
\c@savedshorteditor=\count173
\c@labelname=\count174
\c@savedlabelname=\count175
\c@institution=\count176
\c@savedinstitution=\count177
\c@lista=\count178
\c@savedlista=\count179
\c@listb=\count180
\c@savedlistb=\count181
\c@listc=\count182
\c@savedlistc=\count183
\c@listd=\count184
\c@savedlistd=\count185
\c@liste=\count186
\c@savedliste=\count187
\c@listf=\count188
\c@savedlistf=\count189
\c@location=\count190
\c@savedlocation=\count191
\c@organization=\count192
\c@savedorganization=\count193
\c@origlocation=\count194
\c@savedoriglocation=\count195
\c@origpublisher=\count196
\c@savedorigpublisher=\count197
\c@publisher=\count198
\c@savedpublisher=\count199
\c@language=\count266
\c@savedlanguage=\count267
\c@origlanguage=\count268
\c@savedoriglanguage=\count269
\c@pageref=\count270
\c@savedpageref=\count271
\shorthandwidth=\skip54
\shortjournalwidth=\skip55
\shortserieswidth=\skip56
\shorttitlewidth=\skip57
\shortauthorwidth=\skip58
\shorteditorwidth=\skip59
\locallabelnumberwidth=\skip60
\locallabelalphawidth=\skip61
\localshorthandwidth=\skip62
\localshortjournalwidth=\skip63
\localshortserieswidth=\skip64
\localshorttitlewidth=\skip65
\localshortauthorwidth=\skip66
\localshorteditorwidth=\skip67
Package biblatex Info: Trying to load compatibility code...
Package biblatex Info: ... file 'blx-compat.def' found.

("C:\Users\oskat\AppData\Local\Programs\MiKTeX 2.9\tex/latex/biblatex\blx-compa
t.def"
File: blx-compat.def 2018/11/02 v3.12 biblatex compatibility (PK/MW)
)
Package biblatex Info: Trying to load generic definitions...
Package biblatex Info: ... file 'biblatex.def' found.

("C:\Users\oskat\AppData\Local\Programs\MiKTeX 2.9\tex/latex/biblatex\biblatex.
def"
File: biblatex.def 2018/11/02 v3.12 biblatex compatibility (PK/MW)
\c@textcitecount=\count272
\c@textcitetotal=\count273
\c@textcitemaxnames=\count274
\c@biburlnumpenalty=\count275
\c@biburlucpenalty=\count276
\c@biburllcpenalty=\count277
\c@smartand=\count278
)
Package biblatex Info: Trying to load bibliography style 'numeric'...
Package biblatex Info: ... file 'numeric.bbx' found.

("C:\Users\oskat\AppData\Local\Programs\MiKTeX 2.9\tex/latex/biblatex/bbx\numer
ic.bbx"
File: numeric.bbx 2018/11/02 v3.12 biblatex bibliography style (PK/MW)
Package biblatex Info: Trying to load bibliography style 'standard'...
Package biblatex Info: ... file 'standard.bbx' found.

("C:\Users\oskat\AppData\Local\Programs\MiKTeX 2.9\tex/latex/biblatex/bbx\stand
ard.bbx"
File: standard.bbx 2018/11/02 v3.12 biblatex bibliography style (PK/MW)
\c@bbx:relatedcount=\count279
\c@bbx:relatedtotal=\count280
))
Package biblatex Info: Trying to load citation style 'numeric'...
Package biblatex Info: ... file 'numeric.cbx' found.

("C:\Users\oskat\AppData\Local\Programs\MiKTeX 2.9\tex/latex/biblatex/cbx\numer
ic.cbx"
File: numeric.cbx 2018/11/02 v3.12 biblatex citation style (PK/MW)
Package biblatex Info: Redefining '\cite'.
Package biblatex Info: Redefining '\parencite'.
Package biblatex Info: Redefining '\footcite'.
Package biblatex Info: Redefining '\footcitetext'.
Package biblatex Info: Redefining '\smartcite'.
Package biblatex Info: Redefining '\supercite'.
Package biblatex Info: Redefining '\textcite'.
Package biblatex Info: Redefining '\textcites'.
Package biblatex Info: Redefining '\cites'.
Package biblatex Info: Redefining '\parencites'.
Package biblatex Info: Redefining '\smartcites'.
)
Package biblatex Info: Trying to load configuration file...
Package biblatex Info: ... file 'biblatex.cfg' found.

("C:\Users\oskat\AppData\Local\Programs\MiKTeX 2.9\tex/latex/biblatex\biblatex.
cfg"
File: biblatex.cfg 
))
Package biblatex Info: Trying to load language 'english'...
Package biblatex Info: ... file 'english.lbx' found.

("C:\Users\oskat\AppData\Local\Programs\MiKTeX 2.9\tex/latex/biblatex/lbx\engli
sh.lbx"
File: english.lbx 2018/11/02 v3.12 biblatex localization (PK/MW)
)
\@quotelevel=\count281
\@quotereset=\count282
 (AntonioOsamuKatagiriTanaka.aux)
\openout1 = `AntonioOsamuKatagiriTanaka.aux'.

LaTeX Font Info:    Checking defaults for OML/cmm/m/it on input line 8.
LaTeX Font Info:    ... okay on input line 8.
LaTeX Font Info:    Checking defaults for T1/cmr/m/n on input line 8.
LaTeX Font Info:    ... okay on input line 8.
LaTeX Font Info:    Checking defaults for OT1/cmr/m/n on input line 8.
LaTeX Font Info:    ... okay on input line 8.
LaTeX Font Info:    Checking defaults for OMS/cmsy/m/n on input line 8.
LaTeX Font Info:    ... okay on input line 8.
LaTeX Font Info:    Checking defaults for OMX/cmex/m/n on input line 8.
LaTeX Font Info:    ... okay on input line 8.
LaTeX Font Info:    Checking defaults for U/cmr/m/n on input line 8.
LaTeX Font Info:    ... okay on input line 8.
\AtBeginShipoutBox=\box29

("C:\Users\oskat\AppData\Local\Programs\MiKTeX 2.9\tex/context/base\supp-pdf.mk
ii"
[Loading MPS to PDF converter (version 2006.09.02).]
\scratchcounter=\count283
\scratchdimen=\dimen109
\scratchbox=\box30
\nofMPsegments=\count284
\nofMParguments=\count285
\everyMPshowfont=\toks17
\MPscratchCnt=\count286
\MPscratchDim=\dimen110
\MPnumerator=\count287
\makeMPintoPDFobject=\count288
\everyMPtoPDFconversion=\toks18
)
("C:\Users\oskat\AppData\Local\Programs\MiKTeX 2.9\tex/latex/oberdiek\epstopdf-
base.sty"
Package: epstopdf-base 2016/05/15 v2.6 Base part for package epstopdf

("C:\Users\oskat\AppData\Local\Programs\MiKTeX 2.9\tex/latex/oberdiek\grfext.st
y"
Package: grfext 2016/05/16 v1.2 Manage graphics extensions (HO)

("C:\Users\oskat\AppData\Local\Programs\MiKTeX 2.9\tex/generic/oberdiek\kvdefin
ekeys.sty"
Package: kvdefinekeys 2016/05/16 v1.4 Define keys (HO)
))
Package epstopdf-base Info: Redefining graphics rule for `.eps' on input line 4
38.
Package grfext Info: Graphics extension search list:
(grfext)             [.pdf,.png,.jpg,.mps,.jpeg,.jbig2,.jb2,.PDF,.PNG,.JPG,.JPE
G,.JBIG2,.JB2,.eps]
(grfext)             \AppendGraphicsExtensions on input line 456.
)
("C:\Users\oskat\AppData\Local\Programs\MiKTeX 2.9\tex/latex/oberdiek\pdflscape
.sty"
Package: pdflscape 2016/05/14 v0.11 Display of landscape pages in PDF (HO)

("C:\Users\oskat\AppData\Local\Programs\MiKTeX 2.9\tex/latex/graphics\lscape.st
y"
Package: lscape 2000/10/22 v3.01 Landscape Pages (DPC)
)
Package pdflscape Info: Auto-detected driver: pdftex on input line 81.

("C:\Users\oskat\AppData\Local\Programs\MiKTeX 2.9\tex/generic/ifxetex\ifxetex.
sty"
Package: ifxetex 2010/09/12 v0.6 Provides ifxetex conditional
))
Package biblatex Info: Input encoding 'utf8' detected.
Package biblatex Info: Automatic encoding selection.
(biblatex)             Assuming data encoding 'utf8'.
\openout3 = `AntonioOsamuKatagiriTanaka.bcf'.

Package biblatex Info: Trying to load bibliographic data...
Package biblatex Info: ... file 'AntonioOsamuKatagiriTanaka.bbl' found.
 (AntonioOsamuKatagiriTanaka.bbl)
Package biblatex Info: Reference section=0 on input line 8.
Package biblatex Info: Reference segment=0 on input line 8.


Package pdfpages Warning: Option `page' is unknow to \includepdf.
(pdfpages)                Did you mean `pages'? (Note the `s'!)
(pdfpages)                OK, I'll proceed as if it were `pages'.



pdfTeX warning: pdflatex (file ./AntonioOsamuKatagiriTanaka_Signed.pdf): PDF in
clusion: found PDF version <1.7>, but at most version <1.5> allowed
<./AntonioOsamuKatagiriTanaka_Signed.pdf, id=1, 597.55246pt x 845.07724pt>
File: ./AntonioOsamuKatagiriTanaka_Signed.pdf Graphic file (type pdf)
<use ./AntonioOsamuKatagiriTanaka_Signed.pdf>
Package pdftex.def Info: ./AntonioOsamuKatagiriTanaka_Signed.pdf  used on input
 line 11.
(pdftex.def)             Requested size: 597.551pt x 845.07518pt.


pdfTeX warning: pdflatex (file ./AntonioOsamuKatagiriTanaka_Signed.pdf): PDF in
clusion: found PDF version <1.7>, but at most version <1.5> allowed
File: ./AntonioOsamuKatagiriTanaka_Signed.pdf Graphic file (type pdf)
<use ./AntonioOsamuKatagiriTanaka_Signed.pdf>
Package pdftex.def Info: ./AntonioOsamuKatagiriTanaka_Signed.pdf  used on input
 line 11.
(pdftex.def)             Requested size: 597.551pt x 845.07518pt.


pdfTeX warning: pdflatex (file ./AntonioOsamuKatagiriTanaka_Signed.pdf): PDF in
clusion: found PDF version <1.7>, but at most version <1.5> allowed


pdfTeX warning: pdflatex (file ./AntonioOsamuKatagiriTanaka_Signed.pdf): PDF in
clusion: found PDF version <1.7>, but at most version <1.5> allowed
<./AntonioOsamuKatagiriTanaka_Signed.pdf, id=4, page=1, 597.55246pt x 845.07724
pt>
File: ./AntonioOsamuKatagiriTanaka_Signed.pdf Graphic file (type pdf)
<use ./AntonioOsamuKatagiriTanaka_Signed.pdf, page 1>
Package pdftex.def Info: ./AntonioOsamuKatagiriTanaka_Signed.pdf , page1 used o
n input line 11.
(pdftex.def)             Requested size: 597.551pt x 845.07518pt.
File: ./AntonioOsamuKatagiriTanaka_Signed.pdf Graphic file (type pdf)
<use ./AntonioOsamuKatagiriTanaka_Signed.pdf, page 1>
Package pdftex.def Info: ./AntonioOsamuKatagiriTanaka_Signed.pdf , page1 used o
n input line 11.
(pdftex.def)             Requested size: 597.57834pt x 845.11386pt.
File: ./AntonioOsamuKatagiriTanaka_Signed.pdf Graphic file (type pdf)
<use ./AntonioOsamuKatagiriTanaka_Signed.pdf, page 1>
Package pdftex.def Info: ./AntonioOsamuKatagiriTanaka_Signed.pdf , page1 used o
n input line 11.
(pdftex.def)             Requested size: 597.57834pt x 845.11386pt.
File: ./AntonioOsamuKatagiriTanaka_Signed.pdf Graphic file (type pdf)
<use ./AntonioOsamuKatagiriTanaka_Signed.pdf, page 1>
Package pdftex.def Info: ./AntonioOsamuKatagiriTanaka_Signed.pdf , page1 used o
n input line 11.
(pdftex.def)             Requested size: 597.57834pt x 845.11386pt.
File: ./AntonioOsamuKatagiriTanaka_Signed.pdf Graphic file (type pdf)
<use ./AntonioOsamuKatagiriTanaka_Signed.pdf, page 1>
Package pdftex.def Info: ./AntonioOsamuKatagiriTanaka_Signed.pdf , page1 used o
n input line 11.
(pdftex.def)             Requested size: 597.57834pt x 845.11386pt.
[1

 <./AntonioOsamuKatagiriTanaka_Signed.pdf>]

pdfTeX warning: pdflatex (file ./AntonioOsamuKatagiriTanaka_Signed.pdf): PDF in
clusion: found PDF version <1.7>, but at most version <1.5> allowed
<./AntonioOsamuKatagiriTanaka_Signed.pdf, id=44, page=2, 597.55246pt x 845.0772
4pt>
File: ./AntonioOsamuKatagiriTanaka_Signed.pdf Graphic file (type pdf)
<use ./AntonioOsamuKatagiriTanaka_Signed.pdf, page 2>
Package pdftex.def Info: ./AntonioOsamuKatagiriTanaka_Signed.pdf , page2 used o
n input line 11.
(pdftex.def)             Requested size: 597.57834pt x 845.11386pt.
File: ./AntonioOsamuKatagiriTanaka_Signed.pdf Graphic file (type pdf)
<use ./AntonioOsamuKatagiriTanaka_Signed.pdf, page 2>
Package pdftex.def Info: ./AntonioOsamuKatagiriTanaka_Signed.pdf , page2 used o
n input line 11.
(pdftex.def)             Requested size: 597.57834pt x 845.11386pt.
File: ./AntonioOsamuKatagiriTanaka_Signed.pdf Graphic file (type pdf)
<use ./AntonioOsamuKatagiriTanaka_Signed.pdf, page 2>
Package pdftex.def Info: ./AntonioOsamuKatagiriTanaka_Signed.pdf , page2 used o
n input line 11.
(pdftex.def)             Requested size: 597.57834pt x 845.11386pt.
[2 <./AntonioOsamuKatagiriTanaka_Signed.pdf>]

Package pdfpages Warning: Option `page' is unknow to \includepdf.
(pdfpages)                Did you mean `pages'? (Note the `s'!)
(pdfpages)                OK, I'll proceed as if it were `pages'.



pdfTeX warning: pdflatex (file ./INE.pdf): PDF inclusion: found PDF version <1.
7>, but at most version <1.5> allowed
<./INE.pdf, id=50, 614.295pt x 794.97pt>
File: ./INE.pdf Graphic file (type pdf)
<use ./INE.pdf>
Package pdftex.def Info: ./INE.pdf  used on input line 12.
(pdftex.def)             Requested size: 614.29349pt x 794.96806pt.


pdfTeX warning: pdflatex (file ./INE.pdf): PDF inclusion: found PDF version <1.
7>, but at most version <1.5> allowed
File: ./INE.pdf Graphic file (type pdf)
<use ./INE.pdf>
Package pdftex.def Info: ./INE.pdf  used on input line 12.
(pdftex.def)             Requested size: 614.29349pt x 794.96806pt.


pdfTeX warning: pdflatex (file ./INE.pdf): PDF inclusion: found PDF version <1.
7>, but at most version <1.5> allowed


pdfTeX warning: pdflatex (file ./INE.pdf): PDF inclusion: found PDF version <1.
7>, but at most version <1.5> allowed
<./INE.pdf, id=53, page=1, 614.295pt x 794.97pt>
File: ./INE.pdf Graphic file (type pdf)
<use ./INE.pdf, page 1>
Package pdftex.def Info: ./INE.pdf , page1 used on input line 12.
(pdftex.def)             Requested size: 614.29349pt x 794.96806pt.
File: ./INE.pdf Graphic file (type pdf)
<use ./INE.pdf, page 1>
Package pdftex.def Info: ./INE.pdf , page1 used on input line 12.
(pdftex.def)             Requested size: 597.78697pt x 773.60669pt.
File: ./INE.pdf Graphic file (type pdf)
<use ./INE.pdf, page 1>
Package pdftex.def Info: ./INE.pdf , page1 used on input line 12.
(pdftex.def)             Requested size: 597.78697pt x 773.60669pt.
File: ./INE.pdf Graphic file (type pdf)
<use ./INE.pdf, page 1>
Package pdftex.def Info: ./INE.pdf , page1 used on input line 12.
(pdftex.def)             Requested size: 597.78697pt x 773.60669pt.
File: ./INE.pdf Graphic file (type pdf)
<use ./INE.pdf, page 1>
Package pdftex.def Info: ./INE.pdf , page1 used on input line 12.
(pdftex.def)             Requested size: 597.78697pt x 773.60669pt.
[3 <./INE.pdf>] (AntonioOsamuKatagiriTanaka.aux)
Package logreq Info: Writing requests to 'AntonioOsamuKatagiriTanaka.run.xml'.
\openout1 = `AntonioOsamuKatagiriTanaka.run.xml'.

 ) 
Here is how much of TeX's memory you used:
 9119 strings out of 492946
 162677 string characters out of 3126267
 586011 words of memory out of 3000000
 12947 multiletter control sequences out of 15000+200000
 3940 words of font info for 15 fonts, out of 3000000 for 9000
 1141 hyphenation exceptions out of 8191
 40i,18n,46p,817b,745s stack positions out of 5000i,500n,10000p,200000b,50000s

Output written on AntonioOsamuKatagiriTanaka.pdf (3 pages, 563659 bytes).
PDF statistics:
 68 PDF objects out of 1000 (max. 8388607)
 0 named destinations out of 1000 (max. 500000)
 46 words of extra memory for PDF output out of 10000 (max. 10000000)

