\BOOKMARK [1][-]{section*.1}{Part I: Classic Statistical Inference}{}% 1
\BOOKMARK [2][-]{section*.2}{Algorithms and Inference}{section*.1}% 2
\BOOKMARK [3][-]{section*.3}{A Regression Example}{section*.2}% 3
\BOOKMARK [3][-]{section*.4}{Linear Regression}{section*.2}% 4
\BOOKMARK [3][-]{section*.5}{LOWESS \046 LOESS}{section*.2}% 5
\BOOKMARK [3][-]{section*.6}{Bootstrapping}{section*.2}% 6
\BOOKMARK [3][-]{section*.7}{Hypothesis Testing}{section*.2}% 7
\BOOKMARK [2][-]{section*.8}{T-test, one-sample}{section*.1}% 8
\BOOKMARK [2][-]{section*.9}{paired two-sample t-test}{section*.1}% 9
\BOOKMARK [2][-]{section*.10}{unpaired two-sample t-test}{section*.1}% 10
\BOOKMARK [3][-]{section*.11}{Notes}{section*.10}% 11
\BOOKMARK [2][-]{section*.12}{Frequentist Inference}{section*.1}% 12
\BOOKMARK [3][-]{section*.13}{Frequentist principles}{section*.12}% 13
\BOOKMARK [3][-]{section*.14}{Frequentist Optimality}{section*.12}% 14
\BOOKMARK [3][-]{section*.15}{Notes and Details}{section*.12}% 15
\BOOKMARK [2][-]{section*.16}{Bayesian Inference}{section*.1}% 16
\BOOKMARK [3][-]{section*.17}{Bayes Rule}{section*.16}% 17
\BOOKMARK [3][-]{section*.18}{Warm-up example}{section*.16}% 18
\BOOKMARK [3][-]{section*.19}{Flaws in Frequentist Inference}{section*.16}% 19
\BOOKMARK [3][-]{section*.20}{A Bayesian/Frequentist Comparison List}{section*.16}% 20
\BOOKMARK [3][-]{section*.21}{Bayesian Reasoning - estimate \040from x if N\(m, A\)}{section*.16}% 21
\BOOKMARK [3][-]{section*.22}{Notes and Details}{section*.16}% 22
\BOOKMARK [2][-]{section*.23}{Fisherian Inference and Maximum Likelihood Estimation}{section*.1}% 23
\BOOKMARK [3][-]{section*.24}{Fisher Information and the MLE}{section*.23}% 24
\BOOKMARK [3][-]{section*.25}{Conditional Inference}{section*.23}% 25
\BOOKMARK [3][-]{section*.26}{Permutation and Randomization}{section*.23}% 26
\BOOKMARK [2][-]{section*.27}{Parametric Models and Exponential Families}{section*.1}% 27
\BOOKMARK [3][-]{section*.28}{Univariate Families}{section*.27}% 28
\BOOKMARK [3][-]{section*.29}{Multinomial Distribution \(a.k.a. multidimensional binomial\)}{section*.27}% 29
\BOOKMARK [3][-]{section*.30}{Multinomial-Poisson relationship}{section*.27}% 30
\BOOKMARK [3][-]{section*.31}{Exponential Families - Poisson Dist.}{section*.27}% 31
\BOOKMARK [3][-]{section*.32}{Exponential Families - Gamma Dist.}{section*.27}% 32
\BOOKMARK [1][-]{section*.33}{Part II: Early Computer-Age Methods}{}% 33
\BOOKMARK [2][-]{section*.34}{James-Stein Estimator vs Bayes vs MLE}{section*.33}% 34
\BOOKMARK [3][-]{section*.35}{Estimate \040from x if N\(m, A\)}{section*.34}% 35
\BOOKMARK [3][-]{section*.36}{Expected Squared Error}{section*.34}% 36
\BOOKMARK [3][-]{section*.37}{James-Stein Theorem}{section*.34}% 37
\BOOKMARK [2][-]{section*.38}{Ridge Regression vs Linear Regression}{section*.33}% 38
\BOOKMARK [3][-]{section*.39}{Linear Regression}{section*.38}% 39
\BOOKMARK [3][-]{section*.40}{Ridge Regression}{section*.38}% 40
\BOOKMARK [3][-]{section*.41}{Logistic Regression}{section*.38}% 41
\BOOKMARK [2][-]{section*.42}{Generalized Linear Models - GLMs}{section*.33}% 42
\BOOKMARK [3][-]{section*.43}{GLM - exponential family}{section*.42}% 43
\BOOKMARK [3][-]{section*.44}{GLM - Binomial Distribution}{section*.42}% 44
\BOOKMARK [3][-]{section*.45}{GLM - Poisson Distribution}{section*.42}% 45
\BOOKMARK [3][-]{section*.46}{GLM - Parameter Estimation}{section*.42}% 46
\BOOKMARK [2][-]{section*.47}{Regression Trees}{section*.33}% 47
\BOOKMARK [3][-]{section*.48}{Impurity}{section*.47}% 48
\BOOKMARK [2][-]{section*.49}{Life Tables \046 Hazard Rates}{section*.33}% 49
\BOOKMARK [3][-]{section*.50}{Discrete time}{section*.49}% 50
\BOOKMARK [3][-]{section*.51}{Continuous time}{section*.49}% 51
\BOOKMARK [3][-]{section*.52}{Censored Data}{section*.49}% 52
\BOOKMARK [3][-]{section*.53}{Log-Rank Test}{section*.49}% 53
\BOOKMARK [2][-]{section*.54}{Jackknife}{section*.33}% 54
\BOOKMARK [2][-]{section*.55}{Non-parametric Bootstrap}{section*.33}% 55
\BOOKMARK [2][-]{section*.56}{Re-sampling Plans}{section*.33}% 56
\BOOKMARK [3][-]{section*.57}{Infinitesimal Jackknife}{section*.56}% 57
\BOOKMARK [3][-]{section*.58}{Moving Blocks Bootstrap}{section*.56}% 58
\BOOKMARK [3][-]{section*.59}{Multisample Bootstrap}{section*.56}% 59
\BOOKMARK [3][-]{section*.60}{Parametric Bootstrap}{section*.56}% 60
\BOOKMARK [1][-]{section*.61}{}{}% 61
