This is pdfTeX, Version 3.14159265-2.6-1.40.19 (MiKTeX 2.9.6880 64-bit) (preloaded format=pdflatex 2018.12.15)  28 JAN 2019 10:54
entering extended mode
**./HWork02_linear_eqs.tex
(HWork02_linear_eqs.tex
LaTeX2e <2018-04-01> patch level 5
("C:\Users\oskat\AppData\Local\Programs\MiKTeX 2.9\tex\latex\base\article.cls"
Document Class: article 2014/09/29 v1.4h Standard LaTeX document class
("C:\Users\oskat\AppData\Local\Programs\MiKTeX 2.9\tex\latex\base\size10.clo"
File: size10.clo 2014/09/29 v1.4h Standard LaTeX file (size option)
)
\c@part=\count80
\c@section=\count81
\c@subsection=\count82
\c@subsubsection=\count83
\c@paragraph=\count84
\c@subparagraph=\count85
\c@figure=\count86
\c@table=\count87
\abovecaptionskip=\skip41
\belowcaptionskip=\skip42
\bibindent=\dimen102
)
("C:\Users\oskat\AppData\Local\Programs\MiKTeX 2.9\tex\latex\amsmath\amsmath.st
y"
Package: amsmath 2017/09/02 v2.17a AMS math features
\@mathmargin=\skip43

For additional information on amsmath, use the `?' option.

("C:\Users\oskat\AppData\Local\Programs\MiKTeX 2.9\tex\latex\amsmath\amstext.st
y"
Package: amstext 2000/06/29 v2.01 AMS text

("C:\Users\oskat\AppData\Local\Programs\MiKTeX 2.9\tex\latex\amsmath\amsgen.sty
"
File: amsgen.sty 1999/11/30 v2.0 generic functions
\@emptytoks=\toks14
\ex@=\dimen103
))
("C:\Users\oskat\AppData\Local\Programs\MiKTeX 2.9\tex\latex\amsmath\amsbsy.sty
"
Package: amsbsy 1999/11/29 v1.2d Bold Symbols
\pmbraise@=\dimen104
)
("C:\Users\oskat\AppData\Local\Programs\MiKTeX 2.9\tex\latex\amsmath\amsopn.sty
"
Package: amsopn 2016/03/08 v2.02 operator names
)
\inf@bad=\count88
LaTeX Info: Redefining \frac on input line 213.
\uproot@=\count89
\leftroot@=\count90
LaTeX Info: Redefining \overline on input line 375.
\classnum@=\count91
\DOTSCASE@=\count92
LaTeX Info: Redefining \ldots on input line 472.
LaTeX Info: Redefining \dots on input line 475.
LaTeX Info: Redefining \cdots on input line 596.
\Mathstrutbox@=\box26
\strutbox@=\box27
\big@size=\dimen105
LaTeX Font Info:    Redeclaring font encoding OML on input line 712.
LaTeX Font Info:    Redeclaring font encoding OMS on input line 713.
\macc@depth=\count93
\c@MaxMatrixCols=\count94
\dotsspace@=\muskip10
\c@parentequation=\count95
\dspbrk@lvl=\count96
\tag@help=\toks15
\row@=\count97
\column@=\count98
\maxfields@=\count99
\andhelp@=\toks16
\eqnshift@=\dimen106
\alignsep@=\dimen107
\tagshift@=\dimen108
\tagwidth@=\dimen109
\totwidth@=\dimen110
\lineht@=\dimen111
\@envbody=\toks17
\multlinegap=\skip44
\multlinetaggap=\skip45
\mathdisplay@stack=\toks18
LaTeX Info: Redefining \[ on input line 2817.
LaTeX Info: Redefining \] on input line 2818.
)
("C:\Users\oskat\AppData\Local\Programs\MiKTeX 2.9\tex\latex\amsfonts\amssymb.s
ty"
Package: amssymb 2013/01/14 v3.01 AMS font symbols

("C:\Users\oskat\AppData\Local\Programs\MiKTeX 2.9\tex\latex\amsfonts\amsfonts.
sty"
Package: amsfonts 2013/01/14 v3.01 Basic AMSFonts support
\symAMSa=\mathgroup4
\symAMSb=\mathgroup5
LaTeX Font Info:    Overwriting math alphabet `\mathfrak' in version `bold'
(Font)                  U/euf/m/n --> U/euf/b/n on input line 106.
))
("C:\Users\oskat\AppData\Local\Programs\MiKTeX 2.9\tex\latex\graphics\graphics.
sty"
Package: graphics 2017/06/25 v1.2c Standard LaTeX Graphics (DPC,SPQR)

("C:\Users\oskat\AppData\Local\Programs\MiKTeX 2.9\tex\latex\graphics\trig.sty"
Package: trig 2016/01/03 v1.10 sin cos tan (DPC)
)
("C:\Users\oskat\AppData\Local\Programs\MiKTeX 2.9\tex\latex\graphics-cfg\graph
ics.cfg"
File: graphics.cfg 2016/06/04 v1.11 sample graphics configuration
)
Package graphics Info: Driver file: pdftex.def on input line 99.

("C:\Users\oskat\AppData\Local\Programs\MiKTeX 2.9\tex\latex\graphics-def\pdfte
x.def"
File: pdftex.def 2018/01/08 v1.0l Graphics/color driver for pdftex
))
("C:\Users\oskat\AppData\Local\Programs\MiKTeX 2.9\tex\latex\setspace\setspace.
sty"
Package: setspace 2011/12/19 v6.7a set line spacing
)
\c@mathematicapage=\count100

No file HWork02_linear_eqs.aux.
\openout1 = `HWork02_linear_eqs.aux'.

LaTeX Font Info:    Checking defaults for OML/cmm/m/it on input line 10.
LaTeX Font Info:    ... okay on input line 10.
LaTeX Font Info:    Checking defaults for T1/cmr/m/n on input line 10.
LaTeX Font Info:    ... okay on input line 10.
LaTeX Font Info:    Checking defaults for OT1/cmr/m/n on input line 10.
LaTeX Font Info:    ... okay on input line 10.
LaTeX Font Info:    Checking defaults for OMS/cmsy/m/n on input line 10.
LaTeX Font Info:    ... okay on input line 10.
LaTeX Font Info:    Checking defaults for OMX/cmex/m/n on input line 10.
LaTeX Font Info:    ... okay on input line 10.
LaTeX Font Info:    Checking defaults for U/cmr/m/n on input line 10.
LaTeX Font Info:    ... okay on input line 10.

("C:\Users\oskat\AppData\Local\Programs\MiKTeX 2.9\tex\context\base\supp-pdf.mk
ii"
[Loading MPS to PDF converter (version 2006.09.02).]
\scratchcounter=\count101
\scratchdimen=\dimen112
\scratchbox=\box28
\nofMPsegments=\count102
\nofMParguments=\count103
\everyMPshowfont=\toks19
\MPscratchCnt=\count104
\MPscratchDim=\dimen113
\MPnumerator=\count105
\makeMPintoPDFobject=\count106
\everyMPtoPDFconversion=\toks20
)
("C:\Users\oskat\AppData\Local\Programs\MiKTeX 2.9\tex\latex\oberdiek\epstopdf-
base.sty"
Package: epstopdf-base 2016/05/15 v2.6 Base part for package epstopdf

("C:\Users\oskat\AppData\Local\Programs\MiKTeX 2.9\tex\generic\oberdiek\infware
rr.sty"
Package: infwarerr 2016/05/16 v1.4 Providing info/warning/error messages (HO)
)
("C:\Users\oskat\AppData\Local\Programs\MiKTeX 2.9\tex\latex\oberdiek\grfext.st
y"
Package: grfext 2016/05/16 v1.2 Manage graphics extensions (HO)

("C:\Users\oskat\AppData\Local\Programs\MiKTeX 2.9\tex\generic\oberdiek\kvdefin
ekeys.sty"
Package: kvdefinekeys 2016/05/16 v1.4 Define keys (HO)

("C:\Users\oskat\AppData\Local\Programs\MiKTeX 2.9\tex\generic\oberdiek\ltxcmds
.sty"
Package: ltxcmds 2016/05/16 v1.23 LaTeX kernel commands for general use (HO)
)))
("C:\Users\oskat\AppData\Local\Programs\MiKTeX 2.9\tex\latex\oberdiek\kvoptions
.sty"
Package: kvoptions 2016/05/16 v3.12 Key value format for package options (HO)

("C:\Users\oskat\AppData\Local\Programs\MiKTeX 2.9\tex\latex\graphics\keyval.st
y"
Package: keyval 2014/10/28 v1.15 key=value parser (DPC)
\KV@toks@=\toks21
)
("C:\Users\oskat\AppData\Local\Programs\MiKTeX 2.9\tex\generic\oberdiek\kvsetke
ys.sty"
Package: kvsetkeys 2016/05/16 v1.17 Key value parser (HO)

("C:\Users\oskat\AppData\Local\Programs\MiKTeX 2.9\tex\generic\oberdiek\etexcmd
s.sty"
Package: etexcmds 2016/05/16 v1.6 Avoid name clashes with e-TeX commands (HO)

("C:\Users\oskat\AppData\Local\Programs\MiKTeX 2.9\tex\generic\oberdiek\ifluate
x.sty"
Package: ifluatex 2016/05/16 v1.4 Provides the ifluatex switch (HO)
Package ifluatex Info: LuaTeX not detected.
))))
("C:\Users\oskat\AppData\Local\Programs\MiKTeX 2.9\tex\generic\oberdiek\pdftexc
mds.sty"
Package: pdftexcmds 2018/09/10 v0.29 Utility functions of pdfTeX for LuaTeX (HO
)

("C:\Users\oskat\AppData\Local\Programs\MiKTeX 2.9\tex\generic\oberdiek\ifpdf.s
ty"
Package: ifpdf 2018/09/07 v3.3 Provides the ifpdf switch
)
Package pdftexcmds Info: LuaTeX not detected.
Package pdftexcmds Info: \pdf@primitive is available.
Package pdftexcmds Info: \pdf@ifprimitive is available.
Package pdftexcmds Info: \pdfdraftmode found.
)
Package epstopdf-base Info: Redefining graphics rule for `.eps' on input line 4
38.
Package grfext Info: Graphics extension search list:
(grfext)             [.pdf,.png,.jpg,.mps,.jpeg,.jbig2,.jb2,.PDF,.PNG,.JPG,.JPE
G,.JBIG2,.JB2,.eps]
(grfext)             \AppendGraphicsExtensions on input line 456.
)
LaTeX Font Info:    Try loading font information for U+msa on input line 12.

("C:\Users\oskat\AppData\Local\Programs\MiKTeX 2.9\tex\latex\amsfonts\umsa.fd"
File: umsa.fd 2013/01/14 v3.01 AMS symbols A
)
LaTeX Font Info:    Try loading font information for U+msb on input line 12.
("C:\Users\oskat\AppData\Local\Programs\MiKTeX 2.9\tex\latex\amsfonts\umsb.fd"
File: umsb.fd 2013/01/14 v3.01 AMS symbols B
)
Overfull \hbox (68.014pt too wide) in paragraph at lines 22--60
$[][] 
 []


Overfull \hbox (63.88898pt too wide) in paragraph at lines 22--60
[][] 
 []

Package epstopdf Info: Source file: <HWork02_linear_eqs_gr1.eps>
(epstopdf)                    date: 2019-01-25 12:48:34
(epstopdf)                    size: 43911 bytes
(epstopdf)             Output file: <HWork02_linear_eqs_gr1-eps-converted-to.pd
f>
(epstopdf)             Command: <epstopdf --outfile=HWork02_linear_eqs_gr1-eps-
converted-to.pdf HWork02_linear_eqs_gr1.eps>
(epstopdf)             \includegraphics on input line 62.
runsystem(epstopdf --outfile=HWork02_linear_eqs_gr1-eps-converted-to.pdf HWork0
2_linear_eqs_gr1.eps)...executed (allowed).

Package epstopdf Info: Result file: <HWork02_linear_eqs_gr1-eps-converted-to.pd
f>
(epstopdf)                    date: 2019-01-28 10:54:40
(epstopdf)                    size: 17060 bytes.


pdfTeX warning: pdflatex (file ./HWork02_linear_eqs_gr1-eps-converted-to.pdf): 
PDF inclusion: found PDF version <1.7>, but at most version <1.5> allowed
<HWork02_linear_eqs_gr1-eps-converted-to.pdf, id=1, 286.06876pt x 252.945pt>
File: HWork02_linear_eqs_gr1-eps-converted-to.pdf Graphic file (type pdf)
<use HWork02_linear_eqs_gr1-eps-converted-to.pdf>
Package pdftex.def Info: HWork02_linear_eqs_gr1-eps-converted-to.pdf  used on i
nput line 62.
(pdftex.def)             Requested size: 286.06805pt x 252.94438pt.
[1

{C:/Users/oskat/AppData/Local/MiKTeX/2.9/pdftex/config/pdftex.map}]
Overfull \hbox (82.45837pt too wide) in paragraph at lines 71--109
$[][] 
 []


Overfull \hbox (102.22243pt too wide) in paragraph at lines 71--109
[][] 
 []

Package epstopdf Info: Source file: <HWork02_linear_eqs_gr2.eps>
(epstopdf)                    date: 2019-01-25 12:48:34
(epstopdf)                    size: 44933 bytes
(epstopdf)             Output file: <HWork02_linear_eqs_gr2-eps-converted-to.pd
f>
(epstopdf)             Command: <epstopdf --outfile=HWork02_linear_eqs_gr2-eps-
converted-to.pdf HWork02_linear_eqs_gr2.eps>
(epstopdf)             \includegraphics on input line 111.
runsystem(epstopdf --outfile=HWork02_linear_eqs_gr2-eps-converted-to.pdf HWork0
2_linear_eqs_gr2.eps)...executed (allowed).

Package epstopdf Info: Result file: <HWork02_linear_eqs_gr2-eps-converted-to.pd
f>
(epstopdf)                    date: 2019-01-28 10:54:41
(epstopdf)                    size: 17410 bytes.


pdfTeX warning: pdflatex (file ./HWork02_linear_eqs_gr2-eps-converted-to.pdf): 
PDF inclusion: found PDF version <1.7>, but at most version <1.5> allowed
<HWork02_linear_eqs_gr2-eps-converted-to.pdf, id=14, 286.06876pt x 252.945pt>
File: HWork02_linear_eqs_gr2-eps-converted-to.pdf Graphic file (type pdf)
<use HWork02_linear_eqs_gr2-eps-converted-to.pdf>
Package pdftex.def Info: HWork02_linear_eqs_gr2-eps-converted-to.pdf  used on i
nput line 111.
(pdftex.def)             Requested size: 286.06805pt x 252.94438pt.
[2 <./HWork02_linear_eqs_gr1-eps-converted-to.pdf>]
Overfull \hbox (155.79181pt too wide) in paragraph at lines 120--155
$[][] 
 []


Overfull \hbox (98.60852pt too wide) in paragraph at lines 120--155
[][] 
 []

Package epstopdf Info: Source file: <HWork02_linear_eqs_gr3.eps>
(epstopdf)                    date: 2019-01-25 12:48:35
(epstopdf)                    size: 50113 bytes
(epstopdf)             Output file: <HWork02_linear_eqs_gr3-eps-converted-to.pd
f>
(epstopdf)             Command: <epstopdf --outfile=HWork02_linear_eqs_gr3-eps-
converted-to.pdf HWork02_linear_eqs_gr3.eps>
(epstopdf)             \includegraphics on input line 157.
runsystem(epstopdf --outfile=HWork02_linear_eqs_gr3-eps-converted-to.pdf HWork0
2_linear_eqs_gr3.eps)...executed (allowed).

Package epstopdf Info: Result file: <HWork02_linear_eqs_gr3-eps-converted-to.pd
f>
(epstopdf)                    date: 2019-01-28 10:54:42
(epstopdf)                    size: 18954 bytes.


pdfTeX warning: pdflatex (file ./HWork02_linear_eqs_gr3-eps-converted-to.pdf): 
PDF inclusion: found PDF version <1.7>, but at most version <1.5> allowed
<HWork02_linear_eqs_gr3-eps-converted-to.pdf, id=31, 286.06876pt x 252.945pt>
File: HWork02_linear_eqs_gr3-eps-converted-to.pdf Graphic file (type pdf)
<use HWork02_linear_eqs_gr3-eps-converted-to.pdf>
Package pdftex.def Info: HWork02_linear_eqs_gr3-eps-converted-to.pdf  used on i
nput line 157.
(pdftex.def)             Requested size: 286.06805pt x 252.94438pt.
[3 <./HWork02_linear_eqs_gr2-eps-converted-to.pdf>]
Overfull \hbox (461.1991pt too wide) in paragraph at lines 164--206
[][] 
 []


Overfull \hbox (264.23376pt too wide) in paragraph at lines 209--223
[][] 
 []

[4 <./HWork02_linear_eqs_gr3-eps-converted-to.pdf>] [5]
Overfull \hbox (58.20244pt too wide) in paragraph at lines 306--341
\OT1/cmr/m/n/10 X=$[] \OMS/cmsy/m/n/10 )$ $[] )$ $[] )$ $[] )$
 []


Underfull \hbox (badness 10000) in paragraph at lines 342--440

 []


Overfull \hbox (40.31058pt too wide) in paragraph at lines 342--440
[] \OMS/cmsy/m/n/10 )$ $[] )$ $\OML/cmm/m/it/10 R[] \OMS/cmsy/m/n/10 $ \OML/cmm
/m/it/10 R[] \OMS/cmsy/m/n/10 )$ $[] )$
 []


Overfull \hbox (59.7328pt too wide) in paragraph at lines 342--440
[]\OML/cmm/m/it/10 R[] \OMS/cmsy/m/n/10 ! \OML/cmm/m/it/10 R[] \OMS/cmsy/m/n/10
 )$ $[] )$ $[] )$ $[] )$
 []


Overfull \hbox (66.78273pt too wide) in paragraph at lines 342--440
[] \OMS/cmsy/m/n/10 )$ $\OML/cmm/m/it/10 R[] \OMS/cmsy/m/n/10   [] \OML/cmm/m/i
t/10 R[] \OMS/cmsy/m/n/10 ! \OML/cmm/m/it/10 R[] \OMS/cmsy/m/n/10 )$ $[] )$
 []

[6] [7] (HWork02_linear_eqs.aux) ) 
Here is how much of TeX's memory you used:
 2286 strings out of 492969
 32343 string characters out of 3126585
 140390 words of memory out of 3000000
 6144 multiletter control sequences out of 15000+200000
 5339 words of font info for 22 fonts, out of 3000000 for 9000
 1141 hyphenation exceptions out of 8191
 41i,18n,27p,287b,228s stack positions out of 5000i,500n,10000p,200000b,50000s
<C:/Users/oskat/AppData/Local/Programs/MiKTeX
 2.9/fonts/type1/public/amsfonts/cm/cmex10.pfb><C:/Users/oskat/AppData/Local/Pr
ograms/MiKTeX 2.9/fonts/type1/public/amsfonts/cm/cmmi10.pfb><C:/Users/oskat/App
Data/Local/Programs/MiKTeX 2.9/fonts/type1/public/amsfonts/cm/cmmi7.pfb><C:/Use
rs/oskat/AppData/Local/Programs/MiKTeX 2.9/fonts/type1/public/amsfonts/cm/cmr10
.pfb><C:/Users/oskat/AppData/Local/Programs/MiKTeX 2.9/fonts/type1/public/amsfo
nts/cm/cmr5.pfb><C:/Users/oskat/AppData/Local/Programs/MiKTeX 2.9/fonts/type1/p
ublic/amsfonts/cm/cmr7.pfb><C:/Users/oskat/AppData/Local/Programs/MiKTeX 2.9/fo
nts/type1/public/amsfonts/cm/cmsy10.pfb><C:/Users/oskat/AppData/Local/Programs/
MiKTeX 2.9/fonts/type1/public/amsfonts/cm/cmsy7.pfb>
Output written on HWork02_linear_eqs.pdf (7 pages, 152765 bytes).
PDF statistics:
 100 PDF objects out of 1000 (max. 8388607)
 0 named destinations out of 1000 (max. 500000)
 16 words of extra memory for PDF output out of 10000 (max. 10000000)

