\BOOKMARK [1][-]{section*.1}{Part I: Classic Statistical Inference}{}% 1
\BOOKMARK [2][-]{section*.2}{T-test, one-sample}{section*.1}% 2
\BOOKMARK [2][-]{section*.3}{paired two-sample t-test}{section*.1}% 3
\BOOKMARK [2][-]{section*.4}{unpaired two-sample t-test}{section*.1}% 4
\BOOKMARK [2][-]{section*.5}{Algorithms and Inference}{section*.1}% 5
\BOOKMARK [3][-]{section*.6}{A Regression Example}{section*.5}% 6
\BOOKMARK [3][-]{section*.7}{Hypothesis Testing}{section*.5}% 7
\BOOKMARK [3][-]{section*.8}{Notes}{section*.5}% 8
\BOOKMARK [2][-]{section*.9}{Frequentist Inference}{section*.1}% 9
\BOOKMARK [3][-]{section*.10}{Frequentism in Practice}{section*.9}% 10
\BOOKMARK [3][-]{section*.11}{Frequentist Optimality}{section*.9}% 11
\BOOKMARK [3][-]{section*.12}{Notes and Details}{section*.9}% 12
\BOOKMARK [2][-]{section*.13}{Bayesian Inference}{section*.1}% 13
\BOOKMARK [3][-]{section*.14}{Two Examples}{section*.13}% 14
\BOOKMARK [3][-]{section*.15}{Uninformative Prior Distributions}{section*.13}% 15
\BOOKMARK [3][-]{section*.16}{Flaws in Frequentist Inference}{section*.13}% 16
\BOOKMARK [3][-]{section*.17}{A Bayesian/Frequentist Comparison List}{section*.13}% 17
\BOOKMARK [3][-]{section*.18}{Notes and Details}{section*.13}% 18
\BOOKMARK [2][-]{section*.19}{Fisherian Inference and Maximum Likelihood Estimation}{section*.1}% 19
\BOOKMARK [3][-]{section*.20}{Likelihood and Maximum Likelihood}{section*.19}% 20
\BOOKMARK [3][-]{section*.21}{Fisher Information and the MLE}{section*.19}% 21
\BOOKMARK [3][-]{section*.22}{Conditional Inference}{section*.19}% 22
\BOOKMARK [3][-]{section*.23}{Permutation and Randomization}{section*.19}% 23
\BOOKMARK [3][-]{section*.24}{Notes and Details}{section*.19}% 24
\BOOKMARK [2][-]{section*.25}{Parametric Models and Exponential Families}{section*.1}% 25
\BOOKMARK [3][-]{section*.26}{Univariate Families}{section*.25}% 26
\BOOKMARK [1][-]{section*.27}{}{}% 27
