This is pdfTeX, Version 3.14159265-2.6-1.40.20 (MiKTeX 2.9.6960 64-bit) (preloaded format=pdflatex 2019.2.1)  13 FEB 2019 15:59
entering extended mode
**./HWork04_linearTransformations.tex
(HWork04_linearTransformations.tex
LaTeX2e <2018-12-01>
("C:\Users\oskat\AppData\Local\Programs\MiKTeX 2.9\tex/latex/base\article.cls"
Document Class: article 2018/09/03 v1.4i Standard LaTeX document class
("C:\Users\oskat\AppData\Local\Programs\MiKTeX 2.9\tex/latex/base\size11.clo"
File: size11.clo 2018/09/03 v1.4i Standard LaTeX file (size option)
)
\c@part=\count80
\c@section=\count81
\c@subsection=\count82
\c@subsubsection=\count83
\c@paragraph=\count84
\c@subparagraph=\count85
\c@figure=\count86
\c@table=\count87
\abovecaptionskip=\skip41
\belowcaptionskip=\skip42
\bibindent=\dimen102
) ("C:\Users\oskat\AppData\Local\Programs\MiKTeX 2.9\tex/latex/base\inputenc.st
y"
Package: inputenc 2018/08/11 v1.3c Input encoding file
\inpenc@prehook=\toks14
\inpenc@posthook=\toks15
)
("C:\Users\oskat\AppData\Local\Programs\MiKTeX 2.9\tex/generic/babel\babel.sty"
Package: babel 2018/11/13 3.27 The Babel package
("C:\Users\oskat\AppData\Local\Programs\MiKTeX 2.9\tex/generic/babel\switch.def
"
File: switch.def 2018/11/13 3.27 Babel switching mechanism
)
*************************************
* Local config file bblopts.cfg used
*
("C:\Users\oskat\AppData\Local\Programs\MiKTeX 2.9\tex/latex/arabi\bblopts.cfg"
File: bblopts.cfg 2005/09/08 v0.1 add Arabic and Farsi to "declared" options of
 babel
)
("C:\Users\oskat\AppData\Local\Programs\MiKTeX 2.9\tex/latex/babel-german\ngerm
an.ldf"
Language: ngerman 2018/12/08 v2.11 German support for babel (post-1996 orthogra
phy)

("C:\Users\oskat\AppData\Local\Programs\MiKTeX 2.9\tex/latex/babel-german\ngerm
anb.ldf"
Language: ngermanb 2018/12/08 v2.11 German support for babel (post-1996 orthogr
aphy)

("C:\Users\oskat\AppData\Local\Programs\MiKTeX 2.9\tex/generic/babel\babel.def"
File: babel.def 2018/11/13 3.27 Babel common definitions
\babel@savecnt=\count88
\U@D=\dimen103

("C:\Users\oskat\AppData\Local\Programs\MiKTeX 2.9\tex/generic/babel\txtbabel.d
ef")
\bbl@dirlevel=\count89
)
Package babel Info: Making " an active character on input line 121.
))
("C:\Users\oskat\AppData\Local\Programs\MiKTeX 2.9\tex/latex/babel-english\engl
ish.ldf"
Language: english 2017/06/06 v3.3r English support from the babel system
\l@canadian = a dialect from \language\l@american 
\l@australian = a dialect from \language\l@british 
\l@newzealand = a dialect from \language\l@british 
))
("C:\Users\oskat\AppData\Local\Programs\MiKTeX 2.9\tex/latex/csquotes\csquotes.
sty"
Package: csquotes 2018/04/13 v5.2d context-sensitive quotations (JAW)

("C:\Users\oskat\AppData\Local\Programs\MiKTeX 2.9\tex/latex/etoolbox\etoolbox.
sty"
Package: etoolbox 2018/08/19 v2.5f e-TeX tools for LaTeX (JAW)
\etb@tempcnta=\count90
)
("C:\Users\oskat\AppData\Local\Programs\MiKTeX 2.9\tex/latex/graphics\keyval.st
y"
Package: keyval 2014/10/28 v1.15 key=value parser (DPC)
\KV@toks@=\toks16
)
\csq@reset=\count91
\csq@gtype=\count92
\csq@glevel=\count93
\csq@qlevel=\count94
\csq@maxlvl=\count95
\csq@tshold=\count96
\csq@ltx@everypar=\toks17

("C:\Users\oskat\AppData\Local\Programs\MiKTeX 2.9\tex/latex/csquotes\csquotes.
def"
File: csquotes.def 2018/04/13 v5.2d csquotes generic definitions (JAW)
)
Package csquotes Info: Trying to load configuration file 'csquotes.cfg'...
Package csquotes Info: ... configuration file loaded successfully.

("C:\Users\oskat\AppData\Local\Programs\MiKTeX 2.9\tex/latex/csquotes\csquotes.
cfg"
File: csquotes.cfg 
))
("C:\Users\oskat\AppData\Local\Programs\MiKTeX 2.9\tex/latex/amsmath\amsmath.st
y"
Package: amsmath 2018/12/01 v2.17b AMS math features
\@mathmargin=\skip43

For additional information on amsmath, use the `?' option.

("C:\Users\oskat\AppData\Local\Programs\MiKTeX 2.9\tex/latex/amsmath\amstext.st
y"
Package: amstext 2000/06/29 v2.01 AMS text

("C:\Users\oskat\AppData\Local\Programs\MiKTeX 2.9\tex/latex/amsmath\amsgen.sty
"
File: amsgen.sty 1999/11/30 v2.0 generic functions
\@emptytoks=\toks18
\ex@=\dimen104
))
("C:\Users\oskat\AppData\Local\Programs\MiKTeX 2.9\tex/latex/amsmath\amsbsy.sty
"
Package: amsbsy 1999/11/29 v1.2d Bold Symbols
\pmbraise@=\dimen105
)
("C:\Users\oskat\AppData\Local\Programs\MiKTeX 2.9\tex/latex/amsmath\amsopn.sty
"
Package: amsopn 2016/03/08 v2.02 operator names
)
\inf@bad=\count97
LaTeX Info: Redefining \frac on input line 223.
\uproot@=\count98
\leftroot@=\count99
LaTeX Info: Redefining \overline on input line 385.
\classnum@=\count100
\DOTSCASE@=\count101
LaTeX Info: Redefining \ldots on input line 482.
LaTeX Info: Redefining \dots on input line 485.
LaTeX Info: Redefining \cdots on input line 606.
\Mathstrutbox@=\box27
\strutbox@=\box28
\big@size=\dimen106
LaTeX Font Info:    Redeclaring font encoding OML on input line 729.
LaTeX Font Info:    Redeclaring font encoding OMS on input line 730.
\macc@depth=\count102
\c@MaxMatrixCols=\count103
\dotsspace@=\muskip10
\c@parentequation=\count104
\dspbrk@lvl=\count105
\tag@help=\toks19
\row@=\count106
\column@=\count107
\maxfields@=\count108
\andhelp@=\toks20
\eqnshift@=\dimen107
\alignsep@=\dimen108
\tagshift@=\dimen109
\tagwidth@=\dimen110
\totwidth@=\dimen111
\lineht@=\dimen112
\@envbody=\toks21
\multlinegap=\skip44
\multlinetaggap=\skip45
\mathdisplay@stack=\toks22
LaTeX Info: Redefining \[ on input line 2844.
LaTeX Info: Redefining \] on input line 2845.
)
("C:\Users\oskat\AppData\Local\Programs\MiKTeX 2.9\tex/latex/amsfonts\amssymb.s
ty"
Package: amssymb 2013/01/14 v3.01 AMS font symbols

("C:\Users\oskat\AppData\Local\Programs\MiKTeX 2.9\tex/latex/amsfonts\amsfonts.
sty"
Package: amsfonts 2013/01/14 v3.01 Basic AMSFonts support
\symAMSa=\mathgroup4
\symAMSb=\mathgroup5
LaTeX Font Info:    Overwriting math alphabet `\mathfrak' in version `bold'
(Font)                  U/euf/m/n --> U/euf/b/n on input line 106.
))
("C:\Users\oskat\AppData\Local\Programs\MiKTeX 2.9\tex/latex/movie15\movie15.st
y"
Package: movie15 2012/05/16
 ("C:\Users\oskat\AppData\Local\Programs\MiKTeX 2.9\tex/latex/base\ifthen.sty"
Package: ifthen 2014/09/29 v1.1c Standard LaTeX ifthen package (DPC)
)
("C:\Users\oskat\AppData\Local\Programs\MiKTeX 2.9\tex/generic/oberdiek\ifpdf.s
ty"
Package: ifpdf 2018/09/07 v3.3 Provides the ifpdf switch
)
("C:\Users\oskat\AppData\Local\Programs\MiKTeX 2.9\tex/latex/oberdiek\ifdraft.s
ty"
Package: ifdraft 2016/05/16 v1.4 Detect class options draft and final (HO)
)
("C:\Users\oskat\AppData\Local\Programs\MiKTeX 2.9\tex/latex/ms\everyshi.sty"
Package: everyshi 2001/05/15 v3.00 EveryShipout Package (MS)
)
\@MXV@page=\count109
\@MXV@adict=\count110
\@MXV@aadict=\count111
\@MXV@includes=\count112
\@MXV@players=\count113
\@MXV@links=\count114
\@MXV@width=\dimen113
\@MXV@height=\dimen114
\@MXV@depth=\dimen115
\@MXV@totalheight=\dimen116
\@MXV@@boxdepth=\dimen117
\@MXV@traiselen=\dimen118
\@MXV@braiselen=\dimen119
\@MXV@start=\dimen120
\@MXV@end=\dimen121
\@MXV@textbox=\box29
)
("C:\Users\oskat\AppData\Local\Programs\MiKTeX 2.9\tex/latex/graphics\graphicx.
sty"
Package: graphicx 2017/06/01 v1.1a Enhanced LaTeX Graphics (DPC,SPQR)

("C:\Users\oskat\AppData\Local\Programs\MiKTeX 2.9\tex/latex/graphics\graphics.
sty"
Package: graphics 2017/06/25 v1.2c Standard LaTeX Graphics (DPC,SPQR)

("C:\Users\oskat\AppData\Local\Programs\MiKTeX 2.9\tex/latex/graphics\trig.sty"
Package: trig 2016/01/03 v1.10 sin cos tan (DPC)
)
("C:\Users\oskat\AppData\Local\Programs\MiKTeX 2.9\tex/latex/graphics-cfg\graph
ics.cfg"
File: graphics.cfg 2016/06/04 v1.11 sample graphics configuration
)
Package graphics Info: Driver file: pdftex.def on input line 99.

("C:\Users\oskat\AppData\Local\Programs\MiKTeX 2.9\tex/latex/graphics-def\pdfte
x.def"
File: pdftex.def 2018/01/08 v1.0l Graphics/color driver for pdftex
))
\Gin@req@height=\dimen122
\Gin@req@width=\dimen123
)
("C:\Users\oskat\AppData\Local\Programs\MiKTeX 2.9\tex/latex/wrapfig\wrapfig.st
y"
\wrapoverhang=\dimen124
\WF@size=\dimen125
\c@WF@wrappedlines=\count115
\WF@box=\box30
\WF@everypar=\toks23
Package: wrapfig 2003/01/31  v 3.6
)
("C:\Users\oskat\AppData\Local\Programs\MiKTeX 2.9\tex/latex/geometry\geometry.
sty"
Package: geometry 2018/04/16 v5.8 Page Geometry

("C:\Users\oskat\AppData\Local\Programs\MiKTeX 2.9\tex/generic/oberdiek\ifvtex.
sty"
Package: ifvtex 2016/05/16 v1.6 Detect VTeX and its facilities (HO)
Package ifvtex Info: VTeX not detected.
)
("C:\Users\oskat\AppData\Local\Programs\MiKTeX 2.9\tex/generic/ifxetex\ifxetex.
sty"
Package: ifxetex 2010/09/12 v0.6 Provides ifxetex conditional
)
\Gm@cnth=\count116
\Gm@cntv=\count117
\c@Gm@tempcnt=\count118
\Gm@bindingoffset=\dimen126
\Gm@wd@mp=\dimen127
\Gm@odd@mp=\dimen128
\Gm@even@mp=\dimen129
\Gm@layoutwidth=\dimen130
\Gm@layoutheight=\dimen131
\Gm@layouthoffset=\dimen132
\Gm@layoutvoffset=\dimen133
\Gm@dimlist=\toks24

("C:\Users\oskat\AppData\Local\Programs\MiKTeX 2.9\tex/latex/geometry\geometry.
cfg"))
("C:\Users\oskat\AppData\Local\Programs\MiKTeX 2.9\tex/latex/pdfpages\pdfpages.
sty"
Package: pdfpages 2017/10/31 v0.5l Insert pages of external PDF documents (AM)
 ("C:\Users\oskat\AppData\Local\Programs\MiKTeX 2.9\tex/latex/tools\calc.sty"
Package: calc 2017/05/25 v4.3 Infix arithmetic (KKT,FJ)
\calc@Acount=\count119
\calc@Bcount=\count120
\calc@Adimen=\dimen134
\calc@Bdimen=\dimen135
\calc@Askip=\skip46
\calc@Bskip=\skip47
LaTeX Info: Redefining \setlength on input line 80.
LaTeX Info: Redefining \addtolength on input line 81.
\calc@Ccount=\count121
\calc@Cskip=\skip48
)
("C:\Users\oskat\AppData\Local\Programs\MiKTeX 2.9\tex/latex/eso-pic\eso-pic.st
y"
Package: eso-pic 2018/04/12 v2.0h eso-pic (RN)

("C:\Users\oskat\AppData\Local\Programs\MiKTeX 2.9\tex/generic/oberdiek\atbegsh
i.sty"
Package: atbegshi 2016/06/09 v1.18 At begin shipout hook (HO)

("C:\Users\oskat\AppData\Local\Programs\MiKTeX 2.9\tex/generic/oberdiek\infware
rr.sty"
Package: infwarerr 2016/05/16 v1.4 Providing info/warning/error messages (HO)
)
("C:\Users\oskat\AppData\Local\Programs\MiKTeX 2.9\tex/generic/oberdiek\ltxcmds
.sty"
Package: ltxcmds 2016/05/16 v1.23 LaTeX kernel commands for general use (HO)
))
("C:\Users\oskat\AppData\Local\Programs\MiKTeX 2.9\tex/latex/xcolor\xcolor.sty"
Package: xcolor 2016/05/11 v2.12 LaTeX color extensions (UK)

("C:\Users\oskat\AppData\Local\Programs\MiKTeX 2.9\tex/latex/graphics-cfg\color
.cfg"
File: color.cfg 2016/01/02 v1.6 sample color configuration
)
Package xcolor Info: Driver file: pdftex.def on input line 225.
Package xcolor Info: Model `cmy' substituted by `cmy0' on input line 1348.
Package xcolor Info: Model `hsb' substituted by `rgb' on input line 1352.
Package xcolor Info: Model `RGB' extended on input line 1364.
Package xcolor Info: Model `HTML' substituted by `rgb' on input line 1366.
Package xcolor Info: Model `Hsb' substituted by `hsb' on input line 1367.
Package xcolor Info: Model `tHsb' substituted by `hsb' on input line 1368.
Package xcolor Info: Model `HSB' substituted by `hsb' on input line 1369.
Package xcolor Info: Model `Gray' substituted by `gray' on input line 1370.
Package xcolor Info: Model `wave' substituted by `hsb' on input line 1371.
))
\AM@pagewidth=\dimen136
\AM@pageheight=\dimen137

("C:\Users\oskat\AppData\Local\Programs\MiKTeX 2.9\tex/latex/pdfpages\pppdftex.
def"
File: pppdftex.def 2017/10/31 v0.5l Pdfpages driver for pdfTeX (AM)
)
\AM@pagebox=\box31
\AM@global@opts=\toks25
\AM@toc@title=\toks26
\c@AM@survey=\count122
\AM@templatesizebox=\box32
)
("C:\Users\oskat\AppData\Local\Programs\MiKTeX 2.9\tex/latex/listings\listings.
sty"
\lst@mode=\count123
\lst@gtempboxa=\box33
\lst@token=\toks27
\lst@length=\count124
\lst@currlwidth=\dimen138
\lst@column=\count125
\lst@pos=\count126
\lst@lostspace=\dimen139
\lst@width=\dimen140
\lst@newlines=\count127
\lst@lineno=\count128
\lst@maxwidth=\dimen141

("C:\Users\oskat\AppData\Local\Programs\MiKTeX 2.9\tex/latex/listings\lstmisc.s
ty"
File: lstmisc.sty 2018/09/02 1.7 (Carsten Heinz)
\c@lstnumber=\count129
\lst@skipnumbers=\count130
\lst@framebox=\box34
)
("C:\Users\oskat\AppData\Local\Programs\MiKTeX 2.9\tex/latex/listings\listings.
cfg"
File: listings.cfg 2018/09/02 1.7 listings configuration
))
Package: listings 2018/09/02 1.7 (Carsten Heinz)

("C:\Users\oskat\AppData\Local\Programs\MiKTeX 2.9\tex/latex/setspace\setspace.
sty"
Package: setspace 2011/12/19 v6.7a set line spacing
)
("C:\Users\oskat\AppData\Local\Programs\MiKTeX 2.9\tex/latex/systeme\systeme.st
y"
("C:\Users\oskat\AppData\Local\Programs\MiKTeX 2.9\tex/latex/xstring\xstring.st
y"
("C:\Users\oskat\AppData\Local\Programs\MiKTeX 2.9\tex/generic/xstring\xstring.
tex"
\integerpart=\count131
\decimalpart=\count132
)
Package: xstring 2018/12/09 v1.81 String manipulations (CT)
)
("C:\Users\oskat\AppData\Local\Programs\MiKTeX 2.9\tex/generic/systeme\systeme.
tex"
\SYS_systemecode=\toks28
\SYS_systempreamble=\toks29
\SYSeqnum=\count133
)
Package: systeme 2019/01/13 v0.32 Mise en forme de systemes d'equations (CT)
)
("C:\Users\oskat\AppData\Local\Programs\MiKTeX 2.9\tex/latex/mdframed\mdframed.
sty"
Package: mdframed 2013/07/01 1.9b: mdframed

("C:\Users\oskat\AppData\Local\Programs\MiKTeX 2.9\tex/latex/oberdiek\kvoptions
.sty"
Package: kvoptions 2016/05/16 v3.12 Key value format for package options (HO)

("C:\Users\oskat\AppData\Local\Programs\MiKTeX 2.9\tex/generic/oberdiek\kvsetke
ys.sty"
Package: kvsetkeys 2016/05/16 v1.17 Key value parser (HO)

("C:\Users\oskat\AppData\Local\Programs\MiKTeX 2.9\tex/generic/oberdiek\etexcmd
s.sty"
Package: etexcmds 2016/05/16 v1.6 Avoid name clashes with e-TeX commands (HO)

("C:\Users\oskat\AppData\Local\Programs\MiKTeX 2.9\tex/generic/oberdiek\ifluate
x.sty"
Package: ifluatex 2016/05/16 v1.4 Provides the ifluatex switch (HO)
Package ifluatex Info: LuaTeX not detected.
))))
("C:\Users\oskat\AppData\Local\Programs\MiKTeX 2.9\tex/latex/l3packages/xparse\
xparse.sty"
("C:\Users\oskat\AppData\Local\Programs\MiKTeX 2.9\tex/latex/l3kernel\expl3.sty
"
Package: expl3 2019-01-28 L3 programming layer (loader) 

("C:\Users\oskat\AppData\Local\Programs\MiKTeX 2.9\tex/latex/l3kernel\expl3-cod
e.tex"
Package: expl3 2019-01-28 L3 programming layer (code)
\c_max_int=\count134
\l_tmpa_int=\count135
\l_tmpb_int=\count136
\g_tmpa_int=\count137
\g_tmpb_int=\count138
\g__kernel_prg_map_int=\count139
\c_log_iow=\count140
\l_iow_line_count_int=\count141
\l__iow_line_target_int=\count142
\l__iow_one_indent_int=\count143
\l__iow_indent_int=\count144
\c_zero_dim=\dimen142
\c_max_dim=\dimen143
\l_tmpa_dim=\dimen144
\l_tmpb_dim=\dimen145
\g_tmpa_dim=\dimen146
\g_tmpb_dim=\dimen147
\c_zero_skip=\skip49
\c_max_skip=\skip50
\l_tmpa_skip=\skip51
\l_tmpb_skip=\skip52
\g_tmpa_skip=\skip53
\g_tmpb_skip=\skip54
\c_zero_muskip=\muskip11
\c_max_muskip=\muskip12
\l_tmpa_muskip=\muskip13
\l_tmpb_muskip=\muskip14
\g_tmpa_muskip=\muskip15
\g_tmpb_muskip=\muskip16
\l_keys_choice_int=\count145
\l__intarray_loop_int=\count146
\c__intarray_sp_dim=\dimen148
\g__intarray_font_int=\count147
\c__fp_leading_shift_int=\count148
\c__fp_middle_shift_int=\count149
\c__fp_trailing_shift_int=\count150
\c__fp_big_leading_shift_int=\count151
\c__fp_big_middle_shift_int=\count152
\c__fp_big_trailing_shift_int=\count153
\c__fp_Bigg_leading_shift_int=\count154
\c__fp_Bigg_middle_shift_int=\count155
\c__fp_Bigg_trailing_shift_int=\count156
\c__kernel_randint_max_int=\count157
\g__fp_array_int=\count158
\l__fp_array_loop_int=\count159
\l__sort_length_int=\count160
\l__sort_min_int=\count161
\l__sort_top_int=\count162
\l__sort_max_int=\count163
\l__sort_true_max_int=\count164
\l__sort_block_int=\count165
\l__sort_begin_int=\count166
\l__sort_end_int=\count167
\l__sort_A_int=\count168
\l__sort_B_int=\count169
\l__sort_C_int=\count170
\l__tl_analysis_normal_int=\count171
\l__tl_analysis_index_int=\count172
\l__tl_analysis_nesting_int=\count173
\l__tl_analysis_type_int=\count174
\l__regex_internal_a_int=\count175
\l__regex_internal_b_int=\count176
\l__regex_internal_c_int=\count177
\l__regex_balance_int=\count178
\l__regex_group_level_int=\count179
\l__regex_mode_int=\count180
\c__regex_cs_in_class_mode_int=\count181
\c__regex_cs_mode_int=\count182
\l__regex_catcodes_int=\count183
\l__regex_default_catcodes_int=\count184
\c__regex_catcode_D_int=\count185
\c__regex_catcode_S_int=\count186
\c__regex_catcode_L_int=\count187
\c__regex_catcode_O_int=\count188
\c__regex_catcode_A_int=\count189
\c__regex_all_catcodes_int=\count190
\l__regex_show_lines_int=\count191
\l__regex_min_state_int=\count192
\l__regex_max_state_int=\count193
\l__regex_left_state_int=\count194
\l__regex_right_state_int=\count195
\l__regex_capturing_group_int=\count196
\l__regex_min_pos_int=\count197
\l__regex_max_pos_int=\count198
\l__regex_curr_pos_int=\count199
\l__regex_start_pos_int=\count266
\l__regex_success_pos_int=\count267
\l__regex_curr_char_int=\count268
\l__regex_curr_catcode_int=\count269
\l__regex_last_char_int=\count270
\l__regex_case_changed_char_int=\count271
\l__regex_curr_state_int=\count272
\l__regex_step_int=\count273
\l__regex_min_active_int=\count274
\l__regex_max_active_int=\count275
\l__regex_replacement_csnames_int=\count276
\l__regex_match_count_int=\count277
\l__regex_min_submatch_int=\count278
\l__regex_submatch_int=\count279
\l__regex_zeroth_submatch_int=\count280
\g__regex_trace_regex_int=\count281
\c_empty_box=\box35
\l_tmpa_box=\box36
\l_tmpb_box=\box37
\g_tmpa_box=\box38
\g_tmpb_box=\box39
\l__box_top_dim=\dimen149
\l__box_bottom_dim=\dimen150
\l__box_left_dim=\dimen151
\l__box_right_dim=\dimen152
\l__box_top_new_dim=\dimen153
\l__box_bottom_new_dim=\dimen154
\l__box_left_new_dim=\dimen155
\l__box_right_new_dim=\dimen156
\l__box_internal_box=\box40
\l__coffin_internal_box=\box41
\l__coffin_internal_dim=\dimen157
\l__coffin_offset_x_dim=\dimen158
\l__coffin_offset_y_dim=\dimen159
\l__coffin_x_dim=\dimen160
\l__coffin_y_dim=\dimen161
\l__coffin_x_prime_dim=\dimen162
\l__coffin_y_prime_dim=\dimen163
\c_empty_coffin=\box42
\l__coffin_aligned_coffin=\box43
\l__coffin_aligned_internal_coffin=\box44
\l_tmpa_coffin=\box45
\l_tmpb_coffin=\box46
\g_tmpa_coffin=\box47
\g_tmpb_coffin=\box48
\c__coffin_empty_coffin=\box49
\l__coffin_display_coffin=\box50
\l__coffin_display_coord_coffin=\box51
\l__coffin_display_pole_coffin=\box52
\l__coffin_display_offset_dim=\dimen164
\l__coffin_display_x_dim=\dimen165
\l__coffin_display_y_dim=\dimen166
\g__file_internal_ior=\read1
\l__coffin_bounding_shift_dim=\dimen167
\l__coffin_left_corner_dim=\dimen168
\l__coffin_right_corner_dim=\dimen169
\l__coffin_bottom_corner_dim=\dimen170
\l__coffin_top_corner_dim=\dimen171
\l__coffin_scaled_total_height_dim=\dimen172
\l__coffin_scaled_width_dim=\dimen173
\l__seq_internal_a_int=\count282
\l__seq_internal_b_int=\count283
)
("C:\Users\oskat\AppData\Local\Programs\MiKTeX 2.9\tex/latex/l3kernel\l3pdfmode
.def"
File: l3pdfmode.def 2019-01-28 v L3 Experimental driver: PDF mode
\l__driver_color_stack_int=\count284
))
Package: xparse 2018-10-17 L3 Experimental document command parser
\l__xparse_current_arg_int=\count285
\g__xparse_grabber_int=\count286
\l__xparse_m_args_int=\count287
\l__xparse_mandatory_args_int=\count288
\l__xparse_v_nesting_int=\count289
)
("C:\Users\oskat\AppData\Local\Programs\MiKTeX 2.9\tex/latex/oberdiek\zref-absp
age.sty"
Package: zref-abspage 2018/11/21 v2.27 Module abspage for zref (HO)

("C:\Users\oskat\AppData\Local\Programs\MiKTeX 2.9\tex/latex/oberdiek\zref-base
.sty"
Package: zref-base 2018/11/21 v2.27 Module base for zref (HO)

("C:\Users\oskat\AppData\Local\Programs\MiKTeX 2.9\tex/generic/oberdiek\kvdefin
ekeys.sty"
Package: kvdefinekeys 2016/05/16 v1.4 Define keys (HO)
)
("C:\Users\oskat\AppData\Local\Programs\MiKTeX 2.9\tex/generic/oberdiek\pdftexc
mds.sty"
Package: pdftexcmds 2018/09/10 v0.29 Utility functions of pdfTeX for LuaTeX (HO
)
Package pdftexcmds Info: LuaTeX not detected.
Package pdftexcmds Info: \pdf@primitive is available.
Package pdftexcmds Info: \pdf@ifprimitive is available.
Package pdftexcmds Info: \pdfdraftmode found.
)
("C:\Users\oskat\AppData\Local\Programs\MiKTeX 2.9\tex/latex/oberdiek\auxhook.s
ty"
Package: auxhook 2016/05/16 v1.4 Hooks for auxiliary files (HO)
)
Package zref Info: New property list: main on input line 759.
Package zref Info: New property: default on input line 760.
Package zref Info: New property: page on input line 761.
)
\c@abspage=\count290
Package zref Info: New property: abspage on input line 62.
)
("C:\Users\oskat\AppData\Local\Programs\MiKTeX 2.9\tex/latex/needspace\needspac
e.sty"
Package: needspace 2010/09/12 v1.3d reserve vertical space
)
\mdf@templength=\skip55
\c@mdf@globalstyle@cnt=\count291
\mdf@skipabove@length=\skip56
\mdf@skipbelow@length=\skip57
\mdf@leftmargin@length=\skip58
\mdf@rightmargin@length=\skip59
\mdf@innerleftmargin@length=\skip60
\mdf@innerrightmargin@length=\skip61
\mdf@innertopmargin@length=\skip62
\mdf@innerbottommargin@length=\skip63
\mdf@splittopskip@length=\skip64
\mdf@splitbottomskip@length=\skip65
\mdf@outermargin@length=\skip66
\mdf@innermargin@length=\skip67
\mdf@linewidth@length=\skip68
\mdf@innerlinewidth@length=\skip69
\mdf@middlelinewidth@length=\skip70
\mdf@outerlinewidth@length=\skip71
\mdf@roundcorner@length=\skip72
\mdf@footenotedistance@length=\skip73
\mdf@userdefinedwidth@length=\skip74
\mdf@needspace@length=\skip75
\mdf@frametitleaboveskip@length=\skip76
\mdf@frametitlebelowskip@length=\skip77
\mdf@frametitlerulewidth@length=\skip78
\mdf@frametitleleftmargin@length=\skip79
\mdf@frametitlerightmargin@length=\skip80
\mdf@shadowsize@length=\skip81
\mdf@extratopheight@length=\skip82
\mdf@subtitleabovelinewidth@length=\skip83
\mdf@subtitlebelowlinewidth@length=\skip84
\mdf@subtitleaboveskip@length=\skip85
\mdf@subtitlebelowskip@length=\skip86
\mdf@subtitleinneraboveskip@length=\skip87
\mdf@subtitleinnerbelowskip@length=\skip88
\mdf@subsubtitleabovelinewidth@length=\skip89
\mdf@subsubtitlebelowlinewidth@length=\skip90
\mdf@subsubtitleaboveskip@length=\skip91
\mdf@subsubtitlebelowskip@length=\skip92
\mdf@subsubtitleinneraboveskip@length=\skip93
\mdf@subsubtitleinnerbelowskip@length=\skip94

("C:\Users\oskat\AppData\Local\Programs\MiKTeX 2.9\tex/latex/mdframed\md-frame-
0.mdf"
File: md-frame-0.mdf 2013/07/01\ 1.9b: md-frame-0
)
\mdf@frametitlebox=\box53
\mdf@footnotebox=\box54
\mdf@splitbox@one=\box55
\mdf@splitbox@two=\box56
\mdf@splitbox@save=\box57
\mdfsplitboxwidth=\skip95
\mdfsplitboxtotalwidth=\skip96
\mdfsplitboxheight=\skip97
\mdfsplitboxdepth=\skip98
\mdfsplitboxtotalheight=\skip99
\mdfframetitleboxwidth=\skip100
\mdfframetitleboxtotalwidth=\skip101
\mdfframetitleboxheight=\skip102
\mdfframetitleboxdepth=\skip103
\mdfframetitleboxtotalheight=\skip104
\mdffootnoteboxwidth=\skip105
\mdffootnoteboxtotalwidth=\skip106
\mdffootnoteboxheight=\skip107
\mdffootnoteboxdepth=\skip108
\mdffootnoteboxtotalheight=\skip109
\mdftotallinewidth=\skip110
\mdfboundingboxwidth=\skip111
\mdfboundingboxtotalwidth=\skip112
\mdfboundingboxheight=\skip113
\mdfboundingboxdepth=\skip114
\mdfboundingboxtotalheight=\skip115
\mdf@freevspace@length=\skip116
\mdf@horizontalwidthofbox@length=\skip117
\mdf@verticalmarginwhole@length=\skip118
\mdf@horizontalspaceofbox=\skip119
\mdfsubtitleheight=\skip120
\mdfsubsubtitleheight=\skip121
\c@mdfcountframes=\count292

****** mdframed patching \endmdf@trivlist

****** -- success******

\mdf@envdepth=\count293
\c@mdf@env@i=\count294
\c@mdf@env@ii=\count295
\c@mdf@zref@counter=\count296
Package zref Info: New property: mdf@pagevalue on input line 895.
)
("C:\Users\oskat\AppData\Local\Programs\MiKTeX 2.9\tex/latex/mmacells\mmacells.
sty"
Package: mmacells 2017/01/03 v0.3.2 Mathematica front end cells
 ("C:\Users\oskat\AppData\Local\Programs\MiKTeX 2.9\tex/latex/bbm\bbm.sty"
Package: bbm 1999/03/15 V 1.2 provides fonts for set symbols - TH
LaTeX Font Info:    Overwriting math alphabet `\mathbbm' in version `bold'
(Font)                  U/bbm/m/n --> U/bbm/bx/n on input line 33.
LaTeX Font Info:    Overwriting math alphabet `\mathbbmss' in version `bold'
(Font)                  U/bbmss/m/n --> U/bbmss/bx/n on input line 35.
)
("C:\Users\oskat\AppData\Local\Programs\MiKTeX 2.9\tex/latex/fancyvrb\fancyvrb.
sty"
Package: fancyvrb 2019/01/15
 Style option: `fancyvrb' v3.2a <2019/01/15> (tvz)
\FV@CodeLineNo=\count297
\FV@InFile=\read2
\FV@TabBox=\box58
\c@FancyVerbLine=\count298
\FV@StepNumber=\count299
\FV@OutFile=\write3
)
("C:\Users\oskat\AppData\Local\Programs\MiKTeX 2.9\tex/latex/hyperref\hyperref.
sty"
Package: hyperref 2018/11/30 v6.88e Hypertext links for LaTeX

("C:\Users\oskat\AppData\Local\Programs\MiKTeX 2.9\tex/generic/oberdiek\hobsub-
hyperref.sty"
Package: hobsub-hyperref 2016/05/16 v1.14 Bundle oberdiek, subset hyperref (HO)


("C:\Users\oskat\AppData\Local\Programs\MiKTeX 2.9\tex/generic/oberdiek\hobsub-
generic.sty"
Package: hobsub-generic 2016/05/16 v1.14 Bundle oberdiek, subset generic (HO)
Package: hobsub 2016/05/16 v1.14 Construct package bundles (HO)
Package hobsub Info: Skipping package `infwarerr' (already loaded).
Package hobsub Info: Skipping package `ltxcmds' (already loaded).
Package hobsub Info: Skipping package `ifluatex' (already loaded).
Package hobsub Info: Skipping package `ifvtex' (already loaded).
Package: intcalc 2016/05/16 v1.2 Expandable calculations with integers (HO)
Package hobsub Info: Skipping package `ifpdf' (already loaded).
Package hobsub Info: Skipping package `etexcmds' (already loaded).
Package hobsub Info: Skipping package `kvsetkeys' (already loaded).
Package hobsub Info: Skipping package `kvdefinekeys' (already loaded).
Package hobsub Info: Skipping package `pdftexcmds' (already loaded).
Package: pdfescape 2016/05/16 v1.14 Implements pdfTeX's escape features (HO)
Package: bigintcalc 2016/05/16 v1.4 Expandable calculations on big integers (HO
)
Package: bitset 2016/05/16 v1.2 Handle bit-vector datatype (HO)
Package: uniquecounter 2016/05/16 v1.3 Provide unlimited unique counter (HO)
)
Package hobsub Info: Skipping package `hobsub' (already loaded).
Package: letltxmacro 2016/05/16 v1.5 Let assignment for LaTeX macros (HO)
Package: hopatch 2016/05/16 v1.3 Wrapper for package hooks (HO)
Package: xcolor-patch 2016/05/16 xcolor patch
Package: atveryend 2016/05/16 v1.9 Hooks at the very end of document (HO)
Package hobsub Info: Skipping package `atbegshi' (already loaded).
Package: refcount 2016/05/16 v3.5 Data extraction from label references (HO)
Package: hycolor 2016/05/16 v1.8 Color options for hyperref/bookmark (HO)
)
\@linkdim=\dimen174
\Hy@linkcounter=\count300
\Hy@pagecounter=\count301

("C:\Users\oskat\AppData\Local\Programs\MiKTeX 2.9\tex/latex/hyperref\pd1enc.de
f"
File: pd1enc.def 2018/11/30 v6.88e Hyperref: PDFDocEncoding definition (HO)
Now handling font encoding PD1 ...
... no UTF-8 mapping file for font encoding PD1
)
\Hy@SavedSpaceFactor=\count302

("C:\Users\oskat\AppData\Local\Programs\MiKTeX 2.9\tex/latex/00miktex\hyperref.
cfg"
File: hyperref.cfg 2002/06/06 v1.2 hyperref configuration of TeXLive
)
Package hyperref Info: Hyper figures OFF on input line 4519.
Package hyperref Info: Link nesting OFF on input line 4524.
Package hyperref Info: Hyper index ON on input line 4527.
Package hyperref Info: Plain pages OFF on input line 4534.
Package hyperref Info: Backreferencing OFF on input line 4539.
Package hyperref Info: Implicit mode ON; LaTeX internals redefined.
Package hyperref Info: Bookmarks ON on input line 4772.
\c@Hy@tempcnt=\count303
 ("C:\Users\oskat\AppData\Local\Programs\MiKTeX 2.9\tex/latex/url\url.sty"
\Urlmuskip=\muskip17
Package: url 2013/09/16  ver 3.4  Verb mode for urls, etc.
)
LaTeX Info: Redefining \url on input line 5125.
\XeTeXLinkMargin=\dimen175
\Fld@menulength=\count304
\Field@Width=\dimen176
\Fld@charsize=\dimen177
Package hyperref Info: Hyper figures OFF on input line 6380.
Package hyperref Info: Link nesting OFF on input line 6385.
Package hyperref Info: Hyper index ON on input line 6388.
Package hyperref Info: backreferencing OFF on input line 6395.
Package hyperref Info: Link coloring OFF on input line 6400.
Package hyperref Info: Link coloring with OCG OFF on input line 6405.
Package hyperref Info: PDF/A mode OFF on input line 6410.
LaTeX Info: Redefining \ref on input line 6450.
LaTeX Info: Redefining \pageref on input line 6454.
\Hy@abspage=\count305
\c@Item=\count306
\c@Hfootnote=\count307
)
Package hyperref Info: Driver (autodetected): hpdftex.

("C:\Users\oskat\AppData\Local\Programs\MiKTeX 2.9\tex/latex/hyperref\hpdftex.d
ef"
File: hpdftex.def 2018/11/30 v6.88e Hyperref driver for pdfTeX
\HyAnn@Count=\count308
\Fld@listcount=\count309
\c@bookmark@seq@number=\count310

("C:\Users\oskat\AppData\Local\Programs\MiKTeX 2.9\tex/latex/oberdiek\rerunfile
check.sty"
Package: rerunfilecheck 2016/05/16 v1.8 Rerun checks for auxiliary files (HO)
Package uniquecounter Info: New unique counter `rerunfilecheck' on input line 2
82.
)
\Hy@SectionHShift=\skip122
)
\g_mmacells_index_int=\count311
\g_mmacells_next_emph_class_int=\count312
\l_mmacells_label_box=\box59
\l_mmacells_leftmargin_dim=\dimen178
\l_mmacells_label_dim=\dimen179
\l_mmacells_label_sep_dim=\dimen180
\l_mmacells_x_offset_dim=\dimen181
\l_mmacells_y_offset_dim=\dimen182

("C:\Users\oskat\AppData\Local\Programs\MiKTeX 2.9\tex/latex/listings\lstmisc.s
ty"
File: lstmisc.sty 2018/09/02 1.7 (Carsten Heinz)
\lstFV@gtempboxa=\box60
)
("C:\Users\oskat\AppData\Local\Programs\MiKTeX 2.9\tex/latex/listings\lstlang1.
sty"
File: lstlang1.sty 2018/09/02 1.7 listings language file
)
("C:\Users\oskat\AppData\Local\Programs\MiKTeX 2.9\tex/latex/listings\lstlang1.
sty"
File: lstlang1.sty 2018/09/02 1.7 listings language file
)
("C:\Users\oskat\AppData\Local\Programs\MiKTeX 2.9\tex/latex/listings\lstlang1.
sty"
File: lstlang1.sty 2018/09/02 1.7 listings language file
))
("C:\Users\oskat\AppData\Local\Programs\MiKTeX 2.9\tex/latex/biblatex\biblatex.
sty"
Package: biblatex 2018/11/02 v3.12 programmable bibliographies (PK/MW)

("C:\Users\oskat\AppData\Local\Programs\MiKTeX 2.9\tex/latex/logreq\logreq.sty"
Package: logreq 2010/08/04 v1.0 xml request logger
\lrq@indent=\count313
("C:\Users\oskat\AppData\Local\Programs\MiKTeX 2.9\tex/latex/logreq\logreq.def"
File: logreq.def 2010/08/04 v1.0 logreq spec v1.0
))
\c@tabx@nest=\count314
\c@listtotal=\count315
\c@listcount=\count316
\c@liststart=\count317
\c@liststop=\count318
\c@citecount=\count319
\c@citetotal=\count320
\c@multicitecount=\count321
\c@multicitetotal=\count322
\c@instcount=\count323
\c@maxnames=\count324
\c@minnames=\count325
\c@maxitems=\count326
\c@minitems=\count327
\c@citecounter=\count328
\c@maxcitecounter=\count329
\c@savedcitecounter=\count330
\c@uniquelist=\count331
\c@uniquename=\count332
\c@refsection=\count333
\c@refsegment=\count334
\c@maxextratitle=\count335
\c@maxextratitleyear=\count336
\c@maxextraname=\count337
\c@maxextradate=\count338
\c@maxextraalpha=\count339
\c@abbrvpenalty=\count340
\c@highnamepenalty=\count341
\c@lownamepenalty=\count342
\c@maxparens=\count343
\c@parenlevel=\count344
\blx@tempcnta=\count345
\blx@tempcntb=\count346
\blx@tempcntc=\count347
\blx@maxsection=\count348
\blx@maxsegment@0=\count349
\blx@notetype=\count350
\blx@parenlevel@text=\count351
\blx@parenlevel@foot=\count352
\blx@sectionciteorder@0=\count353
\blx@entrysetcounter=\count354
\labelnumberwidth=\skip123
\labelalphawidth=\skip124
\biblabelsep=\skip125
\bibitemsep=\skip126
\bibnamesep=\skip127
\bibinitsep=\skip128
\bibparsep=\skip129
\bibhang=\skip130
\blx@bcfin=\read3
\blx@bcfout=\write4
\c@mincomprange=\count355
\c@maxcomprange=\count356
\c@mincompwidth=\count357
Package biblatex Info: Trying to load biblatex default data model...
Package biblatex Info: ... file 'blx-dm.def' found.

("C:\Users\oskat\AppData\Local\Programs\MiKTeX 2.9\tex/latex/biblatex\blx-dm.de
f"
File: blx-dm.def 2018/11/02 v3.12 biblatex localization (PK/MW)
)
Package biblatex Info: Trying to load biblatex style data model...
Package biblatex Info: ... file 'apa.dbx' found.

("C:\Users\oskat\AppData\Local\Programs\MiKTeX 2.9\tex/latex/biblatex-apa\apa.d
bx"
File: apa.dbx 2018/04/02 v7.7 APA biblatex style data model
)
Package biblatex Info: Trying to load biblatex custom data model...
Package biblatex Info: ... file 'biblatex-dm.cfg' not found.
\c@afterword=\count358
\c@savedafterword=\count359
\c@annotator=\count360
\c@savedannotator=\count361
\c@author=\count362
\c@savedauthor=\count363
\c@bookauthor=\count364
\c@savedbookauthor=\count365
\c@commentator=\count366
\c@savedcommentator=\count367
\c@editor=\count368
\c@savededitor=\count369
\c@editora=\count370
\c@savededitora=\count371
\c@editorb=\count372
\c@savededitorb=\count373
\c@editorc=\count374
\c@savededitorc=\count375
\c@foreword=\count376
\c@savedforeword=\count377
\c@holder=\count378
\c@savedholder=\count379
\c@introduction=\count380
\c@savedintroduction=\count381
\c@namea=\count382
\c@savednamea=\count383
\c@nameb=\count384
\c@savednameb=\count385
\c@namec=\count386
\c@savednamec=\count387
\c@translator=\count388
\c@savedtranslator=\count389
\c@shortauthor=\count390
\c@savedshortauthor=\count391
\c@shorteditor=\count392
\c@savedshorteditor=\count393
\c@with=\count394
\c@savedwith=\count395
\c@writer=\count396
\c@savedwriter=\count397
\c@producer=\count398
\c@savedproducer=\count399
\c@execproducer=\count400
\c@savedexecproducer=\count401
\c@director=\count402
\c@saveddirector=\count403
\c@labelname=\count404
\c@savedlabelname=\count405
\c@institution=\count406
\c@savedinstitution=\count407
\c@lista=\count408
\c@savedlista=\count409
\c@listb=\count410
\c@savedlistb=\count411
\c@listc=\count412
\c@savedlistc=\count413
\c@listd=\count414
\c@savedlistd=\count415
\c@liste=\count416
\c@savedliste=\count417
\c@listf=\count418
\c@savedlistf=\count419
\c@location=\count420
\c@savedlocation=\count421
\c@organization=\count422
\c@savedorganization=\count423
\c@origlocation=\count424
\c@savedoriglocation=\count425
\c@origpublisher=\count426
\c@savedorigpublisher=\count427
\c@publisher=\count428
\c@savedpublisher=\count429
\c@language=\count430
\c@savedlanguage=\count431
\c@origlanguage=\count432
\c@savedoriglanguage=\count433
\c@pageref=\count434
\c@savedpageref=\count435
\shorthandwidth=\skip131
\shortjournalwidth=\skip132
\shortserieswidth=\skip133
\shorttitlewidth=\skip134
\shortauthorwidth=\skip135
\shorteditorwidth=\skip136
\locallabelnumberwidth=\skip137
\locallabelalphawidth=\skip138
\localshorthandwidth=\skip139
\localshortjournalwidth=\skip140
\localshortserieswidth=\skip141
\localshorttitlewidth=\skip142
\localshortauthorwidth=\skip143
\localshorteditorwidth=\skip144
Package biblatex Info: Trying to load compatibility code...
Package biblatex Info: ... file 'blx-compat.def' found.

("C:\Users\oskat\AppData\Local\Programs\MiKTeX 2.9\tex/latex/biblatex\blx-compa
t.def"
File: blx-compat.def 2018/11/02 v3.12 biblatex compatibility (PK/MW)
)
Package biblatex Info: Trying to load generic definitions...
Package biblatex Info: ... file 'biblatex.def' found.

("C:\Users\oskat\AppData\Local\Programs\MiKTeX 2.9\tex/latex/biblatex\biblatex.
def"
File: biblatex.def 2018/11/02 v3.12 biblatex compatibility (PK/MW)
\c@textcitecount=\count436
\c@textcitetotal=\count437
\c@textcitemaxnames=\count438
\c@biburlnumpenalty=\count439
\c@biburlucpenalty=\count440
\c@biburllcpenalty=\count441
\c@smartand=\count442
)
Package biblatex Info: Trying to load bibliography style 'apa'...
Package biblatex Info: ... file 'apa.bbx' found.

("C:\Users\oskat\AppData\Local\Programs\MiKTeX 2.9\tex/latex/biblatex-apa\apa.b
bx"
File: apa.bbx 2018/04/02 v7.7 APA biblatex references style
Package biblatex Info: Trying to load bibliography style 'standard'...
Package biblatex Info: ... file 'standard.bbx' found.

("C:\Users\oskat\AppData\Local\Programs\MiKTeX 2.9\tex/latex/biblatex/bbx\stand
ard.bbx"
File: standard.bbx 2018/11/02 v3.12 biblatex bibliography style (PK/MW)
\c@bbx:relatedcount=\count443
\c@bbx:relatedtotal=\count444
))
Package biblatex Info: Trying to load citation style 'apa'...
Package biblatex Info: ... file 'apa.cbx' found.

("C:\Users\oskat\AppData\Local\Programs\MiKTeX 2.9\tex/latex/biblatex-apa\apa.c
bx"
File: apa.cbx 2018/04/02 v7.7 APA biblatex citation style
Package biblatex Info: Delimiter 'nameyeardelim' in context '' already defined,
 overwriting.
Package biblatex Info: Delimiter 'nameyeardelim' in context 'textcite' already 
defined, overwriting.
Package biblatex Info: Delimiter 'andothersdelim' in context '' already defined
, overwriting.
Package biblatex Info: Redefining '\parencite'.
Package biblatex Info: Redefining '\fullcite'.
Package biblatex Info: Redefining '\citeyear'.
Package biblatex Info: Redefining '\cite'.
Package biblatex Info: Redefining '\footcite'.
Package biblatex Info: Redefining '\textcites'.
Package biblatex Info: Redefining '\textcite'.
Package biblatex Info: Redefining '\citeauthor'.
)
Package biblatex Info: Trying to load configuration file...
Package biblatex Info: ... file 'biblatex.cfg' found.

("C:\Users\oskat\AppData\Local\Programs\MiKTeX 2.9\tex/latex/biblatex\biblatex.
cfg"
File: biblatex.cfg 
))
Package csquotes Info: Checking for multilingual support...
Package csquotes Info: ... found 'babel' package.
Package csquotes Info: Adjusting default style.
Package csquotes Info: Redefining alias 'default' -> 'english'.
Package biblatex Info: Trying to load language 'english' -> 'english-apa'...
Package biblatex Info: ... file 'english-apa.lbx' found.

("C:\Users\oskat\AppData\Local\Programs\MiKTeX 2.9\tex/latex/biblatex-apa\engli
sh-apa.lbx"
File: english-apa.lbx 2018/04/02 v7.7 APA biblatex localisation
Package biblatex Info: Trying to load language 'english'...
Package biblatex Info: ... file 'english.lbx' found.

("C:\Users\oskat\AppData\Local\Programs\MiKTeX 2.9\tex/latex/biblatex/lbx\engli
sh.lbx"
File: english.lbx 2018/11/02 v3.12 biblatex localization (PK/MW)
)
Package biblatex Info: Trying to load language 'american' -> 'american-apa'...
Package biblatex Info: ... file 'american-apa.lbx' found.

("C:\Users\oskat\AppData\Local\Programs\MiKTeX 2.9\tex/latex/biblatex-apa\ameri
can-apa.lbx"
File: american-apa.lbx 2018/04/02 v7.7 APA biblatex localisation
Package biblatex Info: Trying to load language 'american'...
Package biblatex Info: ... file 'american.lbx' found.

("C:\Users\oskat\AppData\Local\Programs\MiKTeX 2.9\tex/latex/biblatex/lbx\ameri
can.lbx"
File: american.lbx 2018/11/02 v3.12 biblatex localization (PK/MW)
Package biblatex Info: Trying to load language 'english'...
Package biblatex Info: ... file 'english.lbx' found.

("C:\Users\oskat\AppData\Local\Programs\MiKTeX 2.9\tex/latex/biblatex/lbx\engli
sh.lbx"
File: english.lbx 2018/11/02 v3.12 biblatex localization (PK/MW)
))))
Package biblatex Info: Trying to load language 'ngerman' -> 'ngerman-apa'...
Package biblatex Info: ... file 'ngerman-apa.lbx' found.

("C:\Users\oskat\AppData\Local\Programs\MiKTeX 2.9\tex/latex/biblatex-apa\ngerm
an-apa.lbx"
File: ngerman-apa.lbx 2018/04/02 v7.7 APA biblatex localisation
Package biblatex Info: Trying to load language 'ngerman'...
Package biblatex Info: ... file 'ngerman.lbx' found.

("C:\Users\oskat\AppData\Local\Programs\MiKTeX 2.9\tex/latex/biblatex/lbx\ngerm
an.lbx"
File: ngerman.lbx 2018/11/02 v3.12 biblatex localization (PK/MW)
Package biblatex Info: Trying to load language 'german' -> 'german-apa'...
Package biblatex Info: ... file 'german-apa.lbx' found.

("C:\Users\oskat\AppData\Local\Programs\MiKTeX 2.9\tex/latex/biblatex-apa\germa
n-apa.lbx"
File: german-apa.lbx 2018/04/02 v7.7 APA biblatex localisation
Package biblatex Info: Trying to load language 'german'...
Package biblatex Info: ... file 'german.lbx' found.

("C:\Users\oskat\AppData\Local\Programs\MiKTeX 2.9\tex/latex/biblatex/lbx\germa
n.lbx"
File: german.lbx 2018/11/02 v3.12 biblatex localization (PK/MW)
)))
Package biblatex Info: Trying to load language 'ngerman'...
Package biblatex Info: ... file 'ngerman.lbx' found.

("C:\Users\oskat\AppData\Local\Programs\MiKTeX 2.9\tex/latex/biblatex/lbx\ngerm
an.lbx"
File: ngerman.lbx 2018/11/02 v3.12 biblatex localization (PK/MW)
Package biblatex Info: Trying to load language 'german' -> 'german-apa'...
Package biblatex Info: ... file 'german-apa.lbx' found.

("C:\Users\oskat\AppData\Local\Programs\MiKTeX 2.9\tex/latex/biblatex-apa\germa
n-apa.lbx"
File: german-apa.lbx 2018/04/02 v7.7 APA biblatex localisation
Package biblatex Info: Trying to load language 'german'...
Package biblatex Info: ... file 'german.lbx' found.

("C:\Users\oskat\AppData\Local\Programs\MiKTeX 2.9\tex/latex/biblatex/lbx\germa
n.lbx"
File: german.lbx 2018/11/02 v3.12 biblatex localization (PK/MW)
)))) (HWork04_linearTransformations.aux)
\openout1 = `HWork04_linearTransformations.aux'.

LaTeX Font Info:    Checking defaults for OML/cmm/m/it on input line 68.
LaTeX Font Info:    ... okay on input line 68.
LaTeX Font Info:    Checking defaults for T1/cmr/m/n on input line 68.
LaTeX Font Info:    ... okay on input line 68.
LaTeX Font Info:    Checking defaults for OT1/cmr/m/n on input line 68.
LaTeX Font Info:    ... okay on input line 68.
LaTeX Font Info:    Checking defaults for OMS/cmsy/m/n on input line 68.
LaTeX Font Info:    ... okay on input line 68.
LaTeX Font Info:    Checking defaults for OMX/cmex/m/n on input line 68.
LaTeX Font Info:    ... okay on input line 68.
LaTeX Font Info:    Checking defaults for U/cmr/m/n on input line 68.
LaTeX Font Info:    ... okay on input line 68.
LaTeX Font Info:    Checking defaults for PD1/pdf/m/n on input line 68.
LaTeX Font Info:    ... okay on input line 68.

ABD: EveryShipout initializing macros
("C:\Users\oskat\AppData\Local\Programs\MiKTeX 2.9\tex/context/base\supp-pdf.mk
ii"
[Loading MPS to PDF converter (version 2006.09.02).]
\scratchcounter=\count445
\scratchdimen=\dimen183
\scratchbox=\box61
\nofMPsegments=\count446
\nofMParguments=\count447
\everyMPshowfont=\toks30
\MPscratchCnt=\count448
\MPscratchDim=\dimen184
\MPnumerator=\count449
\makeMPintoPDFobject=\count450
\everyMPtoPDFconversion=\toks31
)
("C:\Users\oskat\AppData\Local\Programs\MiKTeX 2.9\tex/latex/oberdiek\epstopdf-
base.sty"
Package: epstopdf-base 2016/05/15 v2.6 Base part for package epstopdf

("C:\Users\oskat\AppData\Local\Programs\MiKTeX 2.9\tex/latex/oberdiek\grfext.st
y"
Package: grfext 2016/05/16 v1.2 Manage graphics extensions (HO)
)
Package epstopdf-base Info: Redefining graphics rule for `.eps' on input line 4
38.
Package grfext Info: Graphics extension search list:
(grfext)             [.pdf,.png,.jpg,.mps,.jpeg,.jbig2,.jb2,.PDF,.PNG,.JPG,.JPE
G,.JBIG2,.JB2,.eps]
(grfext)             \AppendGraphicsExtensions on input line 456.
)
*geometry* driver: auto-detecting
*geometry* detected driver: pdftex
*geometry* verbose mode - [ preamble ] result:
* driver: pdftex
* paper: a4paper
* layout: <same size as paper>
* layoutoffset:(h,v)=(0.0pt,0.0pt)
* modes: 
* h-part:(L,W,R)=(90.3375pt, 416.83289pt, 90.3375pt)
* v-part:(T,H,B)=(90.3375pt, 664.37186pt, 90.3375pt)
* \paperwidth=597.50787pt
* \paperheight=845.04684pt
* \textwidth=416.83289pt
* \textheight=664.37186pt
* \oddsidemargin=18.0675pt
* \evensidemargin=18.0675pt
* \topmargin=-18.9325pt
* \headheight=12.0pt
* \headsep=25.0pt
* \topskip=11.0pt
* \footskip=30.0pt
* \marginparwidth=50.0pt
* \marginparsep=10.0pt
* \columnsep=10.0pt
* \skip\footins=10.0pt plus 4.0pt minus 2.0pt
* \hoffset=0.0pt
* \voffset=0.0pt
* \mag=1000
* \@twocolumnfalse
* \@twosidefalse
* \@mparswitchfalse
* \@reversemarginfalse
* (1in=72.27pt=25.4mm, 1cm=28.453pt)

\AtBeginShipoutBox=\box62

("C:\Users\oskat\AppData\Local\Programs\MiKTeX 2.9\tex/latex/oberdiek\pdflscape
.sty"
Package: pdflscape 2016/05/14 v0.11 Display of landscape pages in PDF (HO)

("C:\Users\oskat\AppData\Local\Programs\MiKTeX 2.9\tex/latex/graphics\lscape.st
y"
Package: lscape 2000/10/22 v3.01 Landscape Pages (DPC)
)
Package pdflscape Info: Auto-detected driver: pdftex on input line 81.
)
\c@lstlisting=\count451
Package hyperref Info: Link coloring OFF on input line 68.

("C:\Users\oskat\AppData\Local\Programs\MiKTeX 2.9\tex/latex/hyperref\nameref.s
ty"
Package: nameref 2016/05/21 v2.44 Cross-referencing by name of section

("C:\Users\oskat\AppData\Local\Programs\MiKTeX 2.9\tex/generic/oberdiek\gettitl
estring.sty"
Package: gettitlestring 2016/05/16 v1.5 Cleanup title references (HO)
)
\c@section@level=\count452
)
LaTeX Info: Redefining \ref on input line 68.
LaTeX Info: Redefining \pageref on input line 68.
LaTeX Info: Redefining \nameref on input line 68.
 (HWork04_linearTransformations.out)
(HWork04_linearTransformations.out)
\@outlinefile=\write5
\openout5 = `HWork04_linearTransformations.out'.

Package biblatex Info: Input encoding 'utf8' detected.
Package biblatex Info: Automatic encoding selection.
(biblatex)             Assuming data encoding 'utf8'.
\openout4 = `HWork04_linearTransformations.bcf'.

Package biblatex Info: Trying to load bibliographic data...
Package biblatex Info: ... file 'HWork04_linearTransformations.bbl' not found.

No file HWork04_linearTransformations.bbl.
Package biblatex Info: Reference section=0 on input line 68.
Package biblatex Info: Reference segment=0 on input line 68.
LaT